Started GET "/" for ::1 at 2019-12-02 15:34:40 -0700
  [1m[35m (5.8ms)[0m  [1m[34mSELECT "schema_migrations"."version" FROM "schema_migrations" ORDER BY "schema_migrations"."version" ASC[0m
Processing by WelcomeController#startpage as HTML
  Rendering welcome/startpage.html.erb within layouts/application
  Rendered welcome/startpage.html.erb within layouts/application (1.4ms)
Completed 200 OK in 246ms (Views: 244.8ms | ActiveRecord: 0.0ms)


  [1m[35m (15.5ms)[0m  [1m[35mCREATE TABLE "schema_migrations" ("version" character varying NOT NULL PRIMARY KEY)[0m
  [1m[35m (4.6ms)[0m  [1m[35mCREATE TABLE "ar_internal_metadata" ("key" character varying NOT NULL PRIMARY KEY, "value" character varying, "created_at" timestamp NOT NULL, "updated_at" timestamp NOT NULL)[0m
  [1m[35m (0.3ms)[0m  [1m[34mSELECT pg_try_advisory_lock(1432206992544472830)[0m
  [1m[35m (0.5ms)[0m  [1m[34mSELECT "schema_migrations"."version" FROM "schema_migrations" ORDER BY "schema_migrations"."version" ASC[0m
Migrating to CreateShelters (20191119013840)
  [1m[35m (0.2ms)[0m  [1m[35mBEGIN[0m
  [1m[35m (5.7ms)[0m  [1m[35mCREATE TABLE "shelters" ("id" bigserial primary key, "name" character varying, "address" character varying, "city" character varying, "state" character varying, "zip" character varying)[0m
  [1m[35mSQL (0.4ms)[0m  [1m[32mINSERT INTO "schema_migrations" ("version") VALUES ($1) RETURNING "version"[0m  [["version", "20191119013840"]]
  [1m[35m (12.6ms)[0m  [1m[35mCOMMIT[0m
Migrating to CreatePets (20191120211822)
  [1m[35m (0.4ms)[0m  [1m[35mBEGIN[0m
  [1m[35m (2.2ms)[0m  [1m[35mCREATE TABLE "pets" ("id" bigserial primary key, "shelter_id" bigint, "image" character varying, "name" character varying, "description" character varying, "approx_age" character varying, "sex" character varying, "adoptable?" boolean)[0m
  [1m[35m (0.7ms)[0m  [1m[35mCREATE  INDEX  "index_pets_on_shelter_id" ON "pets"  ("shelter_id")[0m
  [1m[35mSQL (0.2ms)[0m  [1m[32mINSERT INTO "schema_migrations" ("version") VALUES ($1) RETURNING "version"[0m  [["version", "20191120211822"]]
  [1m[35m (0.3ms)[0m  [1m[35mCOMMIT[0m
  [1m[36mActiveRecord::InternalMetadata Load (0.2ms)[0m  [1m[34mSELECT  "ar_internal_metadata".* FROM "ar_internal_metadata" WHERE "ar_internal_metadata"."key" = $1 LIMIT $2[0m  [["key", "environment"], ["LIMIT", 1]]
  [1m[35m (0.3ms)[0m  [1m[35mBEGIN[0m
  [1m[35mSQL (0.5ms)[0m  [1m[32mINSERT INTO "ar_internal_metadata" ("key", "value", "created_at", "updated_at") VALUES ($1, $2, $3, $4) RETURNING "key"[0m  [["key", "environment"], ["value", "development"], ["created_at", "2019-12-02 22:55:29.566926"], ["updated_at", "2019-12-02 22:55:29.566926"]]
  [1m[35m (0.3ms)[0m  [1m[35mCOMMIT[0m
  [1m[35m (0.2ms)[0m  [1m[34mSELECT pg_advisory_unlock(1432206992544472830)[0m
  [1m[35m (2.5ms)[0m  [1m[34mSELECT "schema_migrations"."version" FROM "schema_migrations" ORDER BY "schema_migrations"."version" ASC[0m
  [1m[35m (0.5ms)[0m  [1m[34mSELECT "schema_migrations"."version" FROM "schema_migrations" ORDER BY "schema_migrations"."version" ASC[0m
  [1m[36mShelter Load (0.4ms)[0m  [1m[34mSELECT "shelters".* FROM "shelters"[0m
  [1m[36mPet Load (0.4ms)[0m  [1m[34mSELECT "pets".* FROM "pets"[0m
  [1m[35m (0.2ms)[0m  [1m[35mBEGIN[0m
  [1m[35mSQL (0.6ms)[0m  [1m[32mINSERT INTO "shelters" ("name", "address", "city", "state", "zip") VALUES ($1, $2, $3, $4, $5) RETURNING "id"[0m  [["name", "Shelter of Dog"], ["address", "123 main street"], ["city", "Denver"], ["state", "CO"], ["zip", "80234"]]
  [1m[35m (0.5ms)[0m  [1m[35mCOMMIT[0m
  [1m[35m (0.2ms)[0m  [1m[35mBEGIN[0m
  [1m[35mSQL (0.4ms)[0m  [1m[32mINSERT INTO "shelters" ("name", "address", "city", "state", "zip") VALUES ($1, $2, $3, $4, $5) RETURNING "id"[0m  [["name", "Animal Center"], ["address", "123 Way St"], ["city", "Denver"], ["state", "CO"], ["zip", "80444"]]
  [1m[35m (0.4ms)[0m  [1m[35mCOMMIT[0m
  [1m[35m (0.1ms)[0m  [1m[35mBEGIN[0m
  [1m[35mSQL (9.2ms)[0m  [1m[32mINSERT INTO "shelters" ("name", "address", "city", "state", "zip") VALUES ($1, $2, $3, $4, $5) RETURNING "id"[0m  [["name", "DogLand"], ["address", "123 Broadway"], ["city", "Denver"], ["state", "CO"], ["zip", "80848"]]
  [1m[35m (0.4ms)[0m  [1m[35mCOMMIT[0m
  [1m[35m (0.2ms)[0m  [1m[35mBEGIN[0m
  [1m[35mSQL (0.3ms)[0m  [1m[32mINSERT INTO "shelters" ("name", "address", "city", "state", "zip") VALUES ($1, $2, $3, $4, $5) RETURNING "id"[0m  [["name", "Center of Pets"], ["address", "123 Colfax"], ["city", "Denver"], ["state", "CO"], ["zip", "80218"]]
  [1m[35m (0.3ms)[0m  [1m[35mCOMMIT[0m
  [1m[35m (0.1ms)[0m  [1m[35mBEGIN[0m
  [1m[35mSQL (0.2ms)[0m  [1m[32mINSERT INTO "shelters" ("name", "address", "city", "state", "zip") VALUES ($1, $2, $3, $4, $5) RETURNING "id"[0m  [["name", "Animal Shelter"], ["address", "123 Denver Street"], ["city", "Denver"], ["state", "CO"], ["zip", "80244"]]
  [1m[35m (0.2ms)[0m  [1m[35mCOMMIT[0m
  [1m[35m (0.1ms)[0m  [1m[35mBEGIN[0m
  [1m[36mShelter Load (0.2ms)[0m  [1m[34mSELECT  "shelters".* FROM "shelters" WHERE "shelters"."id" = $1 LIMIT $2[0m  [["id", 1], ["LIMIT", 1]]
  [1m[35mSQL (0.5ms)[0m  [1m[32mINSERT INTO "pets" ("shelter_id", "image", "name", "description", "approx_age", "sex", "adoptable?") VALUES ($1, $2, $3, $4, $5, $6, $7) RETURNING "id"[0m  [["shelter_id", 1], ["image", "https://i.redd.it/pfk7qbbti1041.jpg"], ["name", "Louise"], ["description", "Bichon Frise"], ["approx_age", "3"], ["sex", "Female"], ["adoptable?", "t"]]
  [1m[35m (2.5ms)[0m  [1m[35mCOMMIT[0m
  [1m[35m (0.1ms)[0m  [1m[35mBEGIN[0m
  [1m[36mShelter Load (0.2ms)[0m  [1m[34mSELECT  "shelters".* FROM "shelters" WHERE "shelters"."id" = $1 LIMIT $2[0m  [["id", 2], ["LIMIT", 1]]
  [1m[35mSQL (0.2ms)[0m  [1m[32mINSERT INTO "pets" ("shelter_id", "image", "name", "description", "approx_age", "sex", "adoptable?") VALUES ($1, $2, $3, $4, $5, $6, $7) RETURNING "id"[0m  [["shelter_id", 2], ["image", "https://i.redd.it/hfnbnni572041.jpg"], ["name", "Snowball"], ["description", "Black Cat"], ["approx_age", "3"], ["sex", "male"], ["adoptable?", "t"]]
  [1m[35m (0.3ms)[0m  [1m[35mCOMMIT[0m
  [1m[35m (0.0ms)[0m  [1m[35mBEGIN[0m
  [1m[36mShelter Load (0.1ms)[0m  [1m[34mSELECT  "shelters".* FROM "shelters" WHERE "shelters"."id" = $1 LIMIT $2[0m  [["id", 3], ["LIMIT", 1]]
  [1m[35mSQL (0.2ms)[0m  [1m[32mINSERT INTO "pets" ("shelter_id", "image", "name", "description", "approx_age", "sex", "adoptable?") VALUES ($1, $2, $3, $4, $5, $6, $7) RETURNING "id"[0m  [["shelter_id", 3], ["image", "https://i.redd.it/zb81apf641041.jpg"], ["name", "Kitty"], ["description", "Grey Cat"], ["approx_age", "4"], ["sex", "male"], ["adoptable?", "t"]]
  [1m[35m (0.2ms)[0m  [1m[35mCOMMIT[0m
  [1m[35m (0.0ms)[0m  [1m[35mBEGIN[0m
  [1m[36mShelter Load (0.1ms)[0m  [1m[34mSELECT  "shelters".* FROM "shelters" WHERE "shelters"."id" = $1 LIMIT $2[0m  [["id", 4], ["LIMIT", 1]]
  [1m[35mSQL (0.2ms)[0m  [1m[32mINSERT INTO "pets" ("shelter_id", "image", "name", "description", "approx_age", "sex", "adoptable?") VALUES ($1, $2, $3, $4, $5, $6, $7) RETURNING "id"[0m  [["shelter_id", 4], ["image", "https://i.redd.it/x8bs5trjk2041.jpg"], ["name", "Spot"], ["description", "Golden Retriver"], ["approx_age", "3"], ["sex", "male"], ["adoptable?", "t"]]
  [1m[35m (0.2ms)[0m  [1m[35mCOMMIT[0m
  [1m[35m (0.0ms)[0m  [1m[35mBEGIN[0m
  [1m[36mShelter Load (0.3ms)[0m  [1m[34mSELECT  "shelters".* FROM "shelters" WHERE "shelters"."id" = $1 LIMIT $2[0m  [["id", 5], ["LIMIT", 1]]
  [1m[35mSQL (0.3ms)[0m  [1m[32mINSERT INTO "pets" ("shelter_id", "image", "name", "description", "approx_age", "sex", "adoptable?") VALUES ($1, $2, $3, $4, $5, $6, $7) RETURNING "id"[0m  [["shelter_id", 5], ["image", "https://i.redd.it/am0f8jtop2041.jpg"], ["name", "Lucius"], ["description", "Spotted Dog"], ["approx_age", "1"], ["sex", "male"], ["adoptable?", "t"]]
  [1m[35m (0.2ms)[0m  [1m[35mCOMMIT[0m
  [1m[35m (0.1ms)[0m  [1m[35mBEGIN[0m
  [1m[36mShelter Load (0.2ms)[0m  [1m[34mSELECT  "shelters".* FROM "shelters" WHERE "shelters"."id" = $1 LIMIT $2[0m  [["id", 1], ["LIMIT", 1]]
  [1m[35mSQL (0.2ms)[0m  [1m[32mINSERT INTO "pets" ("shelter_id", "image", "name", "description", "approx_age", "sex", "adoptable?") VALUES ($1, $2, $3, $4, $5, $6, $7) RETURNING "id"[0m  [["shelter_id", 1], ["image", "https://i.imgur.com/iKqs301.jpg"], ["name", "Quackers"], ["description", "Duckling"], ["approx_age", "5"], ["sex", "female"], ["adoptable?", "t"]]
  [1m[35m (0.2ms)[0m  [1m[35mCOMMIT[0m
  [1m[35m (0.0ms)[0m  [1m[35mBEGIN[0m
  [1m[36mShelter Load (0.1ms)[0m  [1m[34mSELECT  "shelters".* FROM "shelters" WHERE "shelters"."id" = $1 LIMIT $2[0m  [["id", 2], ["LIMIT", 1]]
  [1m[35mSQL (0.2ms)[0m  [1m[32mINSERT INTO "pets" ("shelter_id", "image", "name", "description", "approx_age", "sex", "adoptable?") VALUES ($1, $2, $3, $4, $5, $6, $7) RETURNING "id"[0m  [["shelter_id", 2], ["image", "https://i.redd.it/rg5tbcotf4041.jpg"], ["name", "Gucci"], ["description", "Golden Retriver"], ["approx_age", "4"], ["sex", "female"], ["adoptable?", "t"]]
  [1m[35m (0.2ms)[0m  [1m[35mCOMMIT[0m
  [1m[35m (0.1ms)[0m  [1m[35mBEGIN[0m
  [1m[36mShelter Load (0.1ms)[0m  [1m[34mSELECT  "shelters".* FROM "shelters" WHERE "shelters"."id" = $1 LIMIT $2[0m  [["id", 3], ["LIMIT", 1]]
  [1m[35mSQL (0.2ms)[0m  [1m[32mINSERT INTO "pets" ("shelter_id", "image", "name", "description", "approx_age", "sex", "adoptable?") VALUES ($1, $2, $3, $4, $5, $6, $7) RETURNING "id"[0m  [["shelter_id", 3], ["image", "https://i.redd.it/znir8eora4041.jpg"], ["name", "Meatloaf"], ["description", "Brown Dog"], ["approx_age", "5"], ["sex", "male"], ["adoptable?", "t"]]
  [1m[35m (0.2ms)[0m  [1m[35mCOMMIT[0m
  [1m[35m (0.1ms)[0m  [1m[35mBEGIN[0m
  [1m[36mShelter Load (0.1ms)[0m  [1m[34mSELECT  "shelters".* FROM "shelters" WHERE "shelters"."id" = $1 LIMIT $2[0m  [["id", 4], ["LIMIT", 1]]
  [1m[35mSQL (0.2ms)[0m  [1m[32mINSERT INTO "pets" ("shelter_id", "image", "name", "description", "approx_age", "sex", "adoptable?") VALUES ($1, $2, $3, $4, $5, $6, $7) RETURNING "id"[0m  [["shelter_id", 4], ["image", "https://i.redd.it/5g33a3qlz1041.jpg"], ["name", "Scruffert"], ["description", "White Cat"], ["approx_age", "3"], ["sex", "male"], ["adoptable?", "t"]]
  [1m[35m (0.2ms)[0m  [1m[35mCOMMIT[0m
  [1m[35m (0.1ms)[0m  [1m[35mBEGIN[0m
  [1m[36mShelter Load (0.1ms)[0m  [1m[34mSELECT  "shelters".* FROM "shelters" WHERE "shelters"."id" = $1 LIMIT $2[0m  [["id", 5], ["LIMIT", 1]]
  [1m[35mSQL (0.2ms)[0m  [1m[32mINSERT INTO "pets" ("shelter_id", "image", "name", "description", "approx_age", "sex", "adoptable?") VALUES ($1, $2, $3, $4, $5, $6, $7) RETURNING "id"[0m  [["shelter_id", 5], ["image", "https://i.redd.it/tev56zd14zz31.png"], ["name", "Koko"], ["description", "Golden Retriver"], ["approx_age", "1"], ["sex", "male"], ["adoptable?", "t"]]
  [1m[35m (0.2ms)[0m  [1m[35mCOMMIT[0m
  [1m[35m (0.0ms)[0m  [1m[35mBEGIN[0m
  [1m[36mShelter Load (0.1ms)[0m  [1m[34mSELECT  "shelters".* FROM "shelters" WHERE "shelters"."id" = $1 LIMIT $2[0m  [["id", 1], ["LIMIT", 1]]
  [1m[35mSQL (0.2ms)[0m  [1m[32mINSERT INTO "pets" ("shelter_id", "image", "name", "description", "approx_age", "sex", "adoptable?") VALUES ($1, $2, $3, $4, $5, $6, $7) RETURNING "id"[0m  [["shelter_id", 1], ["image", "https://i.redd.it/xhkr5b0sc3041.jpg"], ["name", "Doge"], ["description", "Doge"], ["approx_age", "6"], ["sex", "male"], ["adoptable?", "t"]]
  [1m[35m (0.2ms)[0m  [1m[35mCOMMIT[0m
  [1m[35m (0.1ms)[0m  [1m[35mBEGIN[0m
  [1m[36mShelter Load (0.1ms)[0m  [1m[34mSELECT  "shelters".* FROM "shelters" WHERE "shelters"."id" = $1 LIMIT $2[0m  [["id", 2], ["LIMIT", 1]]
  [1m[35mSQL (0.2ms)[0m  [1m[32mINSERT INTO "pets" ("shelter_id", "image", "name", "description", "approx_age", "sex", "adoptable?") VALUES ($1, $2, $3, $4, $5, $6, $7) RETURNING "id"[0m  [["shelter_id", 2], ["image", "https://i.redd.it/fxekew520yz31.jpg"], ["name", "Wookie"], ["description", "Brown Mix"], ["approx_age", "2"], ["sex", "female"], ["adoptable?", "t"]]
  [1m[35m (0.2ms)[0m  [1m[35mCOMMIT[0m
  [1m[35m (0.1ms)[0m  [1m[35mBEGIN[0m
  [1m[36mShelter Load (0.1ms)[0m  [1m[34mSELECT  "shelters".* FROM "shelters" WHERE "shelters"."id" = $1 LIMIT $2[0m  [["id", 3], ["LIMIT", 1]]
  [1m[35mSQL (0.2ms)[0m  [1m[32mINSERT INTO "pets" ("shelter_id", "image", "name", "description", "approx_age", "sex", "adoptable?") VALUES ($1, $2, $3, $4, $5, $6, $7) RETURNING "id"[0m  [["shelter_id", 3], ["image", "https://i.redd.it/k0x3a78eb2041.jpg"], ["name", "Fang"], ["description", "A cat"], ["approx_age", "3"], ["sex", "male"], ["adoptable?", "t"]]
  [1m[35m (0.2ms)[0m  [1m[35mCOMMIT[0m
  [1m[35m (0.1ms)[0m  [1m[35mBEGIN[0m
  [1m[36mShelter Load (0.1ms)[0m  [1m[34mSELECT  "shelters".* FROM "shelters" WHERE "shelters"."id" = $1 LIMIT $2[0m  [["id", 4], ["LIMIT", 1]]
  [1m[35mSQL (0.2ms)[0m  [1m[32mINSERT INTO "pets" ("shelter_id", "image", "name", "description", "approx_age", "sex", "adoptable?") VALUES ($1, $2, $3, $4, $5, $6, $7) RETURNING "id"[0m  [["shelter_id", 4], ["image", "https://i.redd.it/fnqpdh1vp4041.jpg"], ["name", "Popo"], ["description", "Large brown dog"], ["approx_age", "2"], ["sex", "male"], ["adoptable?", "t"]]
  [1m[35m (0.2ms)[0m  [1m[35mCOMMIT[0m
  [1m[35m (0.1ms)[0m  [1m[35mBEGIN[0m
  [1m[36mShelter Load (0.2ms)[0m  [1m[34mSELECT  "shelters".* FROM "shelters" WHERE "shelters"."id" = $1 LIMIT $2[0m  [["id", 5], ["LIMIT", 1]]
  [1m[35mSQL (0.3ms)[0m  [1m[32mINSERT INTO "pets" ("shelter_id", "image", "name", "description", "approx_age", "sex", "adoptable?") VALUES ($1, $2, $3, $4, $5, $6, $7) RETURNING "id"[0m  [["shelter_id", 5], ["image", "https://i.redd.it/t4tnbj2vohx31.jpg"], ["name", "Oogie"], ["description", "Orangutan"], ["approx_age", "3"], ["sex", "male"], ["adoptable?", "t"]]
  [1m[35m (0.3ms)[0m  [1m[35mCOMMIT[0m
  [1m[35m (0.2ms)[0m  [1m[34mSELECT pg_try_advisory_lock(1432206992544472830)[0m
  [1m[35m (0.4ms)[0m  [1m[34mSELECT "schema_migrations"."version" FROM "schema_migrations" ORDER BY "schema_migrations"."version" ASC[0m
Migrating to CreateReviews (20191202231641)
  [1m[35m (0.1ms)[0m  [1m[35mBEGIN[0m
  [1m[35m (0.1ms)[0m  [1m[31mROLLBACK[0m
  [1m[35m (0.2ms)[0m  [1m[34mSELECT pg_advisory_unlock(1432206992544472830)[0m
  [1m[35m (0.1ms)[0m  [1m[34mSELECT pg_try_advisory_lock(1432206992544472830)[0m
  [1m[35m (1.7ms)[0m  [1m[34mSELECT "schema_migrations"."version" FROM "schema_migrations" ORDER BY "schema_migrations"."version" ASC[0m
Migrating to CreateReviews (20191202231641)
  [1m[35m (0.2ms)[0m  [1m[35mBEGIN[0m
  [1m[35m (8.7ms)[0m  [1m[35mCREATE TABLE "reviews" ("id" bigserial primary key, "title" character varying, "rating" integer, "content" text, "image" character varying, "created_at" timestamp NOT NULL, "updated_at" timestamp NOT NULL)[0m
  [1m[35mSQL (0.5ms)[0m  [1m[32mINSERT INTO "schema_migrations" ("version") VALUES ($1) RETURNING "version"[0m  [["version", "20191202231641"]]
  [1m[35m (0.9ms)[0m  [1m[35mCOMMIT[0m
  [1m[36mActiveRecord::InternalMetadata Load (0.4ms)[0m  [1m[34mSELECT  "ar_internal_metadata".* FROM "ar_internal_metadata" WHERE "ar_internal_metadata"."key" = $1 LIMIT $2[0m  [["key", "environment"], ["LIMIT", 1]]
  [1m[35m (0.1ms)[0m  [1m[35mBEGIN[0m
  [1m[35m (0.1ms)[0m  [1m[35mCOMMIT[0m
  [1m[35m (0.1ms)[0m  [1m[34mSELECT pg_advisory_unlock(1432206992544472830)[0m
  [1m[35m (0.2ms)[0m  [1m[34mSELECT "schema_migrations"."version" FROM "schema_migrations" ORDER BY "schema_migrations"."version" ASC[0m
  [1m[35m (0.1ms)[0m  [1m[34mSELECT pg_try_advisory_lock(1432206992544472830)[0m
  [1m[35m (0.5ms)[0m  [1m[34mSELECT "schema_migrations"."version" FROM "schema_migrations" ORDER BY "schema_migrations"."version" ASC[0m
Migrating to AddShelterToReviews (20191202232126)
  [1m[35m (0.1ms)[0m  [1m[35mBEGIN[0m
  [1m[35m (2.5ms)[0m  [1m[35mALTER TABLE "reviews" ADD "shelter_id" bigint[0m
  [1m[35m (1.1ms)[0m  [1m[35mCREATE  INDEX  "index_reviews_on_shelter_id" ON "reviews"  ("shelter_id")[0m
  [1m[35m (9.1ms)[0m  [1m[35mALTER TABLE "reviews" ADD CONSTRAINT "fk_rails_131565a078"
FOREIGN KEY ("shelter_id")
  REFERENCES "shelters" ("id")
[0m
  [1m[35mSQL (0.3ms)[0m  [1m[32mINSERT INTO "schema_migrations" ("version") VALUES ($1) RETURNING "version"[0m  [["version", "20191202232126"]]
  [1m[35m (0.4ms)[0m  [1m[35mCOMMIT[0m
  [1m[36mActiveRecord::InternalMetadata Load (0.2ms)[0m  [1m[34mSELECT  "ar_internal_metadata".* FROM "ar_internal_metadata" WHERE "ar_internal_metadata"."key" = $1 LIMIT $2[0m  [["key", "environment"], ["LIMIT", 1]]
  [1m[35m (0.2ms)[0m  [1m[35mBEGIN[0m
  [1m[35m (0.1ms)[0m  [1m[35mCOMMIT[0m
  [1m[35m (0.2ms)[0m  [1m[34mSELECT pg_advisory_unlock(1432206992544472830)[0m
  [1m[35m (0.2ms)[0m  [1m[34mSELECT "schema_migrations"."version" FROM "schema_migrations" ORDER BY "schema_migrations"."version" ASC[0m
  [1m[35m (0.2ms)[0m  [1m[34mSELECT pg_try_advisory_lock(1432206992544472830)[0m
  [1m[35m (1.9ms)[0m  [1m[34mSELECT "schema_migrations"."version" FROM "schema_migrations" ORDER BY "schema_migrations"."version" ASC[0m
  [1m[36mActiveRecord::InternalMetadata Load (2.1ms)[0m  [1m[34mSELECT  "ar_internal_metadata".* FROM "ar_internal_metadata" WHERE "ar_internal_metadata"."key" = $1 LIMIT $2[0m  [["key", "environment"], ["LIMIT", 1]]
  [1m[35m (0.1ms)[0m  [1m[35mBEGIN[0m
  [1m[35m (0.1ms)[0m  [1m[35mCOMMIT[0m
  [1m[35m (0.1ms)[0m  [1m[34mSELECT pg_advisory_unlock(1432206992544472830)[0m
  [1m[35m (0.2ms)[0m  [1m[34mSELECT "schema_migrations"."version" FROM "schema_migrations" ORDER BY "schema_migrations"."version" ASC[0m
Started GET "/pets" for ::1 at 2019-12-05 19:37:58 -0700
  [1m[35m (0.4ms)[0m  [1m[34mSELECT "schema_migrations"."version" FROM "schema_migrations" ORDER BY "schema_migrations"."version" ASC[0m
Processing by PetsController#index as HTML
  Rendering pets/index.html.erb within layouts/application
  [1m[36mPet Load (0.7ms)[0m  [1m[34mSELECT "pets".* FROM "pets"[0m
  [1m[36mShelter Load (4.1ms)[0m  [1m[34mSELECT  "shelters".* FROM "shelters" WHERE "shelters"."id" = $1 LIMIT $2[0m  [["id", 56], ["LIMIT", 1]]
  [1m[36mCACHE Shelter Load (0.0ms)[0m  [1m[34mSELECT  "shelters".* FROM "shelters" WHERE "shelters"."id" = $1 LIMIT $2[0m  [["id", 56], ["LIMIT", 1]]
  [1m[36mCACHE Shelter Load (0.0ms)[0m  [1m[34mSELECT  "shelters".* FROM "shelters" WHERE "shelters"."id" = $1 LIMIT $2[0m  [["id", 56], ["LIMIT", 1]]
  [1m[36mCACHE Shelter Load (0.0ms)[0m  [1m[34mSELECT  "shelters".* FROM "shelters" WHERE "shelters"."id" = $1 LIMIT $2[0m  [["id", 56], ["LIMIT", 1]]
  [1m[36mCACHE Shelter Load (0.0ms)[0m  [1m[34mSELECT  "shelters".* FROM "shelters" WHERE "shelters"."id" = $1 LIMIT $2[0m  [["id", 56], ["LIMIT", 1]]
  [1m[36mCACHE Shelter Load (0.0ms)[0m  [1m[34mSELECT  "shelters".* FROM "shelters" WHERE "shelters"."id" = $1 LIMIT $2[0m  [["id", 56], ["LIMIT", 1]]
  [1m[36mCACHE Shelter Load (0.0ms)[0m  [1m[34mSELECT  "shelters".* FROM "shelters" WHERE "shelters"."id" = $1 LIMIT $2[0m  [["id", 56], ["LIMIT", 1]]
  [1m[36mCACHE Shelter Load (0.0ms)[0m  [1m[34mSELECT  "shelters".* FROM "shelters" WHERE "shelters"."id" = $1 LIMIT $2[0m  [["id", 56], ["LIMIT", 1]]
  [1m[36mCACHE Shelter Load (0.0ms)[0m  [1m[34mSELECT  "shelters".* FROM "shelters" WHERE "shelters"."id" = $1 LIMIT $2[0m  [["id", 56], ["LIMIT", 1]]
  [1m[36mCACHE Shelter Load (0.0ms)[0m  [1m[34mSELECT  "shelters".* FROM "shelters" WHERE "shelters"."id" = $1 LIMIT $2[0m  [["id", 56], ["LIMIT", 1]]
  [1m[36mCACHE Shelter Load (0.0ms)[0m  [1m[34mSELECT  "shelters".* FROM "shelters" WHERE "shelters"."id" = $1 LIMIT $2[0m  [["id", 56], ["LIMIT", 1]]
  [1m[36mCACHE Shelter Load (0.0ms)[0m  [1m[34mSELECT  "shelters".* FROM "shelters" WHERE "shelters"."id" = $1 LIMIT $2[0m  [["id", 56], ["LIMIT", 1]]
  [1m[36mCACHE Shelter Load (0.0ms)[0m  [1m[34mSELECT  "shelters".* FROM "shelters" WHERE "shelters"."id" = $1 LIMIT $2[0m  [["id", 56], ["LIMIT", 1]]
  [1m[36mCACHE Shelter Load (0.0ms)[0m  [1m[34mSELECT  "shelters".* FROM "shelters" WHERE "shelters"."id" = $1 LIMIT $2[0m  [["id", 56], ["LIMIT", 1]]
  [1m[36mCACHE Shelter Load (0.0ms)[0m  [1m[34mSELECT  "shelters".* FROM "shelters" WHERE "shelters"."id" = $1 LIMIT $2[0m  [["id", 56], ["LIMIT", 1]]
  [1m[36mShelter Load (0.3ms)[0m  [1m[34mSELECT  "shelters".* FROM "shelters" WHERE "shelters"."id" = $1 LIMIT $2[0m  [["id", 57], ["LIMIT", 1]]
  [1m[36mCACHE Shelter Load (0.0ms)[0m  [1m[34mSELECT  "shelters".* FROM "shelters" WHERE "shelters"."id" = $1 LIMIT $2[0m  [["id", 57], ["LIMIT", 1]]
  [1m[36mCACHE Shelter Load (0.0ms)[0m  [1m[34mSELECT  "shelters".* FROM "shelters" WHERE "shelters"."id" = $1 LIMIT $2[0m  [["id", 57], ["LIMIT", 1]]
  [1m[36mCACHE Shelter Load (0.0ms)[0m  [1m[34mSELECT  "shelters".* FROM "shelters" WHERE "shelters"."id" = $1 LIMIT $2[0m  [["id", 57], ["LIMIT", 1]]
  [1m[36mCACHE Shelter Load (0.0ms)[0m  [1m[34mSELECT  "shelters".* FROM "shelters" WHERE "shelters"."id" = $1 LIMIT $2[0m  [["id", 57], ["LIMIT", 1]]
  [1m[36mCACHE Shelter Load (0.0ms)[0m  [1m[34mSELECT  "shelters".* FROM "shelters" WHERE "shelters"."id" = $1 LIMIT $2[0m  [["id", 57], ["LIMIT", 1]]
  [1m[36mCACHE Shelter Load (0.0ms)[0m  [1m[34mSELECT  "shelters".* FROM "shelters" WHERE "shelters"."id" = $1 LIMIT $2[0m  [["id", 57], ["LIMIT", 1]]
  [1m[36mCACHE Shelter Load (0.0ms)[0m  [1m[34mSELECT  "shelters".* FROM "shelters" WHERE "shelters"."id" = $1 LIMIT $2[0m  [["id", 57], ["LIMIT", 1]]
  [1m[36mCACHE Shelter Load (0.0ms)[0m  [1m[34mSELECT  "shelters".* FROM "shelters" WHERE "shelters"."id" = $1 LIMIT $2[0m  [["id", 57], ["LIMIT", 1]]
  [1m[36mCACHE Shelter Load (0.0ms)[0m  [1m[34mSELECT  "shelters".* FROM "shelters" WHERE "shelters"."id" = $1 LIMIT $2[0m  [["id", 57], ["LIMIT", 1]]
  [1m[36mCACHE Shelter Load (0.0ms)[0m  [1m[34mSELECT  "shelters".* FROM "shelters" WHERE "shelters"."id" = $1 LIMIT $2[0m  [["id", 57], ["LIMIT", 1]]
  [1m[36mCACHE Shelter Load (0.0ms)[0m  [1m[34mSELECT  "shelters".* FROM "shelters" WHERE "shelters"."id" = $1 LIMIT $2[0m  [["id", 57], ["LIMIT", 1]]
  [1m[36mCACHE Shelter Load (0.0ms)[0m  [1m[34mSELECT  "shelters".* FROM "shelters" WHERE "shelters"."id" = $1 LIMIT $2[0m  [["id", 57], ["LIMIT", 1]]
  [1m[36mCACHE Shelter Load (0.0ms)[0m  [1m[34mSELECT  "shelters".* FROM "shelters" WHERE "shelters"."id" = $1 LIMIT $2[0m  [["id", 57], ["LIMIT", 1]]
  [1m[36mCACHE Shelter Load (0.0ms)[0m  [1m[34mSELECT  "shelters".* FROM "shelters" WHERE "shelters"."id" = $1 LIMIT $2[0m  [["id", 57], ["LIMIT", 1]]
  [1m[36mShelter Load (0.3ms)[0m  [1m[34mSELECT  "shelters".* FROM "shelters" WHERE "shelters"."id" = $1 LIMIT $2[0m  [["id", 58], ["LIMIT", 1]]
  [1m[36mCACHE Shelter Load (0.0ms)[0m  [1m[34mSELECT  "shelters".* FROM "shelters" WHERE "shelters"."id" = $1 LIMIT $2[0m  [["id", 58], ["LIMIT", 1]]
  [1m[36mCACHE Shelter Load (0.0ms)[0m  [1m[34mSELECT  "shelters".* FROM "shelters" WHERE "shelters"."id" = $1 LIMIT $2[0m  [["id", 58], ["LIMIT", 1]]
  [1m[36mCACHE Shelter Load (0.0ms)[0m  [1m[34mSELECT  "shelters".* FROM "shelters" WHERE "shelters"."id" = $1 LIMIT $2[0m  [["id", 58], ["LIMIT", 1]]
  [1m[36mCACHE Shelter Load (0.0ms)[0m  [1m[34mSELECT  "shelters".* FROM "shelters" WHERE "shelters"."id" = $1 LIMIT $2[0m  [["id", 58], ["LIMIT", 1]]
  [1m[36mCACHE Shelter Load (0.0ms)[0m  [1m[34mSELECT  "shelters".* FROM "shelters" WHERE "shelters"."id" = $1 LIMIT $2[0m  [["id", 58], ["LIMIT", 1]]
  [1m[36mCACHE Shelter Load (0.0ms)[0m  [1m[34mSELECT  "shelters".* FROM "shelters" WHERE "shelters"."id" = $1 LIMIT $2[0m  [["id", 58], ["LIMIT", 1]]
  [1m[36mCACHE Shelter Load (0.0ms)[0m  [1m[34mSELECT  "shelters".* FROM "shelters" WHERE "shelters"."id" = $1 LIMIT $2[0m  [["id", 58], ["LIMIT", 1]]
  [1m[36mCACHE Shelter Load (0.0ms)[0m  [1m[34mSELECT  "shelters".* FROM "shelters" WHERE "shelters"."id" = $1 LIMIT $2[0m  [["id", 58], ["LIMIT", 1]]
  [1m[36mCACHE Shelter Load (0.0ms)[0m  [1m[34mSELECT  "shelters".* FROM "shelters" WHERE "shelters"."id" = $1 LIMIT $2[0m  [["id", 58], ["LIMIT", 1]]
  [1m[36mCACHE Shelter Load (0.0ms)[0m  [1m[34mSELECT  "shelters".* FROM "shelters" WHERE "shelters"."id" = $1 LIMIT $2[0m  [["id", 58], ["LIMIT", 1]]
  [1m[36mCACHE Shelter Load (0.0ms)[0m  [1m[34mSELECT  "shelters".* FROM "shelters" WHERE "shelters"."id" = $1 LIMIT $2[0m  [["id", 58], ["LIMIT", 1]]
  [1m[36mCACHE Shelter Load (0.0ms)[0m  [1m[34mSELECT  "shelters".* FROM "shelters" WHERE "shelters"."id" = $1 LIMIT $2[0m  [["id", 58], ["LIMIT", 1]]
  [1m[36mCACHE Shelter Load (0.0ms)[0m  [1m[34mSELECT  "shelters".* FROM "shelters" WHERE "shelters"."id" = $1 LIMIT $2[0m  [["id", 58], ["LIMIT", 1]]
  [1m[36mCACHE Shelter Load (0.0ms)[0m  [1m[34mSELECT  "shelters".* FROM "shelters" WHERE "shelters"."id" = $1 LIMIT $2[0m  [["id", 58], ["LIMIT", 1]]
  [1m[36mShelter Load (0.3ms)[0m  [1m[34mSELECT  "shelters".* FROM "shelters" WHERE "shelters"."id" = $1 LIMIT $2[0m  [["id", 59], ["LIMIT", 1]]
  [1m[36mCACHE Shelter Load (0.0ms)[0m  [1m[34mSELECT  "shelters".* FROM "shelters" WHERE "shelters"."id" = $1 LIMIT $2[0m  [["id", 59], ["LIMIT", 1]]
  [1m[36mCACHE Shelter Load (0.0ms)[0m  [1m[34mSELECT  "shelters".* FROM "shelters" WHERE "shelters"."id" = $1 LIMIT $2[0m  [["id", 59], ["LIMIT", 1]]
  [1m[36mCACHE Shelter Load (0.0ms)[0m  [1m[34mSELECT  "shelters".* FROM "shelters" WHERE "shelters"."id" = $1 LIMIT $2[0m  [["id", 59], ["LIMIT", 1]]
  [1m[36mCACHE Shelter Load (0.0ms)[0m  [1m[34mSELECT  "shelters".* FROM "shelters" WHERE "shelters"."id" = $1 LIMIT $2[0m  [["id", 59], ["LIMIT", 1]]
  [1m[36mCACHE Shelter Load (0.0ms)[0m  [1m[34mSELECT  "shelters".* FROM "shelters" WHERE "shelters"."id" = $1 LIMIT $2[0m  [["id", 59], ["LIMIT", 1]]
  [1m[36mCACHE Shelter Load (0.0ms)[0m  [1m[34mSELECT  "shelters".* FROM "shelters" WHERE "shelters"."id" = $1 LIMIT $2[0m  [["id", 59], ["LIMIT", 1]]
  [1m[36mCACHE Shelter Load (0.0ms)[0m  [1m[34mSELECT  "shelters".* FROM "shelters" WHERE "shelters"."id" = $1 LIMIT $2[0m  [["id", 59], ["LIMIT", 1]]
  [1m[36mCACHE Shelter Load (0.0ms)[0m  [1m[34mSELECT  "shelters".* FROM "shelters" WHERE "shelters"."id" = $1 LIMIT $2[0m  [["id", 59], ["LIMIT", 1]]
  [1m[36mCACHE Shelter Load (0.0ms)[0m  [1m[34mSELECT  "shelters".* FROM "shelters" WHERE "shelters"."id" = $1 LIMIT $2[0m  [["id", 59], ["LIMIT", 1]]
  [1m[36mCACHE Shelter Load (0.0ms)[0m  [1m[34mSELECT  "shelters".* FROM "shelters" WHERE "shelters"."id" = $1 LIMIT $2[0m  [["id", 59], ["LIMIT", 1]]
  [1m[36mCACHE Shelter Load (0.0ms)[0m  [1m[34mSELECT  "shelters".* FROM "shelters" WHERE "shelters"."id" = $1 LIMIT $2[0m  [["id", 59], ["LIMIT", 1]]
  [1m[36mCACHE Shelter Load (0.0ms)[0m  [1m[34mSELECT  "shelters".* FROM "shelters" WHERE "shelters"."id" = $1 LIMIT $2[0m  [["id", 59], ["LIMIT", 1]]
  [1m[36mCACHE Shelter Load (0.0ms)[0m  [1m[34mSELECT  "shelters".* FROM "shelters" WHERE "shelters"."id" = $1 LIMIT $2[0m  [["id", 59], ["LIMIT", 1]]
  [1m[36mCACHE Shelter Load (0.0ms)[0m  [1m[34mSELECT  "shelters".* FROM "shelters" WHERE "shelters"."id" = $1 LIMIT $2[0m  [["id", 59], ["LIMIT", 1]]
  [1m[36mShelter Load (0.4ms)[0m  [1m[34mSELECT  "shelters".* FROM "shelters" WHERE "shelters"."id" = $1 LIMIT $2[0m  [["id", 60], ["LIMIT", 1]]
  [1m[36mCACHE Shelter Load (0.0ms)[0m  [1m[34mSELECT  "shelters".* FROM "shelters" WHERE "shelters"."id" = $1 LIMIT $2[0m  [["id", 60], ["LIMIT", 1]]
  [1m[36mCACHE Shelter Load (0.0ms)[0m  [1m[34mSELECT  "shelters".* FROM "shelters" WHERE "shelters"."id" = $1 LIMIT $2[0m  [["id", 60], ["LIMIT", 1]]
  [1m[36mCACHE Shelter Load (0.0ms)[0m  [1m[34mSELECT  "shelters".* FROM "shelters" WHERE "shelters"."id" = $1 LIMIT $2[0m  [["id", 60], ["LIMIT", 1]]
  [1m[36mCACHE Shelter Load (0.0ms)[0m  [1m[34mSELECT  "shelters".* FROM "shelters" WHERE "shelters"."id" = $1 LIMIT $2[0m  [["id", 60], ["LIMIT", 1]]
  [1m[36mCACHE Shelter Load (0.0ms)[0m  [1m[34mSELECT  "shelters".* FROM "shelters" WHERE "shelters"."id" = $1 LIMIT $2[0m  [["id", 60], ["LIMIT", 1]]
  [1m[36mCACHE Shelter Load (0.0ms)[0m  [1m[34mSELECT  "shelters".* FROM "shelters" WHERE "shelters"."id" = $1 LIMIT $2[0m  [["id", 60], ["LIMIT", 1]]
  [1m[36mCACHE Shelter Load (0.0ms)[0m  [1m[34mSELECT  "shelters".* FROM "shelters" WHERE "shelters"."id" = $1 LIMIT $2[0m  [["id", 60], ["LIMIT", 1]]
  [1m[36mCACHE Shelter Load (0.0ms)[0m  [1m[34mSELECT  "shelters".* FROM "shelters" WHERE "shelters"."id" = $1 LIMIT $2[0m  [["id", 60], ["LIMIT", 1]]
  [1m[36mCACHE Shelter Load (0.0ms)[0m  [1m[34mSELECT  "shelters".* FROM "shelters" WHERE "shelters"."id" = $1 LIMIT $2[0m  [["id", 60], ["LIMIT", 1]]
  [1m[36mCACHE Shelter Load (0.0ms)[0m  [1m[34mSELECT  "shelters".* FROM "shelters" WHERE "shelters"."id" = $1 LIMIT $2[0m  [["id", 60], ["LIMIT", 1]]
  [1m[36mCACHE Shelter Load (0.0ms)[0m  [1m[34mSELECT  "shelters".* FROM "shelters" WHERE "shelters"."id" = $1 LIMIT $2[0m  [["id", 60], ["LIMIT", 1]]
  [1m[36mCACHE Shelter Load (0.0ms)[0m  [1m[34mSELECT  "shelters".* FROM "shelters" WHERE "shelters"."id" = $1 LIMIT $2[0m  [["id", 60], ["LIMIT", 1]]
  [1m[36mCACHE Shelter Load (0.0ms)[0m  [1m[34mSELECT  "shelters".* FROM "shelters" WHERE "shelters"."id" = $1 LIMIT $2[0m  [["id", 60], ["LIMIT", 1]]
  [1m[36mCACHE Shelter Load (0.0ms)[0m  [1m[34mSELECT  "shelters".* FROM "shelters" WHERE "shelters"."id" = $1 LIMIT $2[0m  [["id", 60], ["LIMIT", 1]]
  Rendered pets/index.html.erb within layouts/application (133.3ms)
Completed 200 OK in 390ms (Views: 371.1ms | ActiveRecord: 11.6ms)


Started GET "/pets/575" for ::1 at 2019-12-05 19:38:00 -0700
Processing by PetsController#show as HTML
  Parameters: {"id"=>"575"}
  [1m[36mPet Load (0.3ms)[0m  [1m[34mSELECT  "pets".* FROM "pets" WHERE "pets"."id" = $1 LIMIT $2[0m  [["id", 575], ["LIMIT", 1]]
  Rendering pets/show.html.erb within layouts/application
  Rendered pets/show.html.erb within layouts/application (1.7ms)
Completed 200 OK in 32ms (Views: 27.6ms | ActiveRecord: 0.3ms)


Started PATCH "/favorites/575" for ::1 at 2019-12-05 19:38:02 -0700
Processing by FavoritesController#update as HTML
  Parameters: {"utf8"=>"✓", "authenticity_token"=>"gXcGga+1EJkLqq+Z2sQGh0hJMli1g4Das2D+Zyn1I3yaFpqIxwXSqKW4PJ7Fdqai4k8EAZDdIPatbtZ7mancQg==", "commit"=>"Favorite", "pet_id"=>"575"}
Redirected to http://localhost:3000/pets/575
Completed 302 Found in 1ms (ActiveRecord: 0.0ms)


Started GET "/pets/575" for ::1 at 2019-12-05 19:38:02 -0700
Processing by PetsController#show as HTML
  Parameters: {"id"=>"575"}
  [1m[36mPet Load (0.3ms)[0m  [1m[34mSELECT  "pets".* FROM "pets" WHERE "pets"."id" = $1 LIMIT $2[0m  [["id", 575], ["LIMIT", 1]]
  Rendering pets/show.html.erb within layouts/application
  Rendered pets/show.html.erb within layouts/application (1.5ms)
Completed 200 OK in 40ms (Views: 38.1ms | ActiveRecord: 0.3ms)


Started GET "/favorites" for ::1 at 2019-12-05 19:38:04 -0700
Processing by FavoritesController#index as HTML
  [1m[36mPet Load (0.3ms)[0m  [1m[34mSELECT  "pets".* FROM "pets" WHERE "pets"."id" = $1 LIMIT $2[0m  [["id", 575], ["LIMIT", 1]]
  Rendering favorites/index.html.erb within layouts/application
  Rendered favorites/index.html.erb within layouts/application (1.0ms)
Completed 200 OK in 37ms (Views: 34.8ms | ActiveRecord: 0.3ms)


Started GET "/application/new" for ::1 at 2019-12-05 19:38:06 -0700
Processing by PetapplicationsController#new as HTML
  Rendering petapplications/new.html.erb within layouts/application
  Rendered petapplications/new.html.erb within layouts/application (3.3ms)
Completed 200 OK in 79ms (Views: 76.6ms | ActiveRecord: 0.0ms)


Started GET "/application/new" for ::1 at 2019-12-05 19:38:58 -0700
Processing by PetapplicationsController#new as HTML
Completed 500 Internal Server Error in 121ms (ActiveRecord: 0.0ms)


  
NameError (undefined local variable or method `sessions' for #<PetapplicationsController:0x00007fa7c2c5e628>
Did you mean?  session):
  
app/controllers/petapplications_controller.rb:3:in `new'
Started GET "/application/new" for ::1 at 2019-12-05 19:39:16 -0700
Processing by PetapplicationsController#new as HTML
  [1m[36mPet Load (0.2ms)[0m  [1m[34mSELECT  "pets".* FROM "pets" WHERE "pets"."id" = $1 LIMIT $2[0m  [["id", 575], ["LIMIT", 1]]
  Rendering petapplications/new.html.erb within layouts/application
  Rendered petapplications/new.html.erb within layouts/application (9.1ms)
Completed 200 OK in 45ms (Views: 34.1ms | ActiveRecord: 2.3ms)


Started GET "/pets" for ::1 at 2019-12-05 19:39:24 -0700
Processing by PetsController#index as HTML
  Rendering pets/index.html.erb within layouts/application
  [1m[36mPet Load (0.2ms)[0m  [1m[34mSELECT "pets".* FROM "pets"[0m
  [1m[36mShelter Load (0.1ms)[0m  [1m[34mSELECT  "shelters".* FROM "shelters" WHERE "shelters"."id" = $1 LIMIT $2[0m  [["id", 56], ["LIMIT", 1]]
  [1m[36mCACHE Shelter Load (0.0ms)[0m  [1m[34mSELECT  "shelters".* FROM "shelters" WHERE "shelters"."id" = $1 LIMIT $2[0m  [["id", 56], ["LIMIT", 1]]
  [1m[36mCACHE Shelter Load (0.0ms)[0m  [1m[34mSELECT  "shelters".* FROM "shelters" WHERE "shelters"."id" = $1 LIMIT $2[0m  [["id", 56], ["LIMIT", 1]]
  [1m[36mCACHE Shelter Load (0.0ms)[0m  [1m[34mSELECT  "shelters".* FROM "shelters" WHERE "shelters"."id" = $1 LIMIT $2[0m  [["id", 56], ["LIMIT", 1]]
  [1m[36mCACHE Shelter Load (0.0ms)[0m  [1m[34mSELECT  "shelters".* FROM "shelters" WHERE "shelters"."id" = $1 LIMIT $2[0m  [["id", 56], ["LIMIT", 1]]
  [1m[36mCACHE Shelter Load (0.0ms)[0m  [1m[34mSELECT  "shelters".* FROM "shelters" WHERE "shelters"."id" = $1 LIMIT $2[0m  [["id", 56], ["LIMIT", 1]]
  [1m[36mCACHE Shelter Load (0.0ms)[0m  [1m[34mSELECT  "shelters".* FROM "shelters" WHERE "shelters"."id" = $1 LIMIT $2[0m  [["id", 56], ["LIMIT", 1]]
  [1m[36mCACHE Shelter Load (0.0ms)[0m  [1m[34mSELECT  "shelters".* FROM "shelters" WHERE "shelters"."id" = $1 LIMIT $2[0m  [["id", 56], ["LIMIT", 1]]
  [1m[36mCACHE Shelter Load (0.0ms)[0m  [1m[34mSELECT  "shelters".* FROM "shelters" WHERE "shelters"."id" = $1 LIMIT $2[0m  [["id", 56], ["LIMIT", 1]]
  [1m[36mCACHE Shelter Load (0.0ms)[0m  [1m[34mSELECT  "shelters".* FROM "shelters" WHERE "shelters"."id" = $1 LIMIT $2[0m  [["id", 56], ["LIMIT", 1]]
  [1m[36mCACHE Shelter Load (0.0ms)[0m  [1m[34mSELECT  "shelters".* FROM "shelters" WHERE "shelters"."id" = $1 LIMIT $2[0m  [["id", 56], ["LIMIT", 1]]
  [1m[36mCACHE Shelter Load (0.0ms)[0m  [1m[34mSELECT  "shelters".* FROM "shelters" WHERE "shelters"."id" = $1 LIMIT $2[0m  [["id", 56], ["LIMIT", 1]]
  [1m[36mCACHE Shelter Load (0.0ms)[0m  [1m[34mSELECT  "shelters".* FROM "shelters" WHERE "shelters"."id" = $1 LIMIT $2[0m  [["id", 56], ["LIMIT", 1]]
  [1m[36mCACHE Shelter Load (0.0ms)[0m  [1m[34mSELECT  "shelters".* FROM "shelters" WHERE "shelters"."id" = $1 LIMIT $2[0m  [["id", 56], ["LIMIT", 1]]
  [1m[36mCACHE Shelter Load (0.0ms)[0m  [1m[34mSELECT  "shelters".* FROM "shelters" WHERE "shelters"."id" = $1 LIMIT $2[0m  [["id", 56], ["LIMIT", 1]]
  [1m[36mShelter Load (0.2ms)[0m  [1m[34mSELECT  "shelters".* FROM "shelters" WHERE "shelters"."id" = $1 LIMIT $2[0m  [["id", 57], ["LIMIT", 1]]
  [1m[36mCACHE Shelter Load (0.0ms)[0m  [1m[34mSELECT  "shelters".* FROM "shelters" WHERE "shelters"."id" = $1 LIMIT $2[0m  [["id", 57], ["LIMIT", 1]]
  [1m[36mCACHE Shelter Load (0.0ms)[0m  [1m[34mSELECT  "shelters".* FROM "shelters" WHERE "shelters"."id" = $1 LIMIT $2[0m  [["id", 57], ["LIMIT", 1]]
  [1m[36mCACHE Shelter Load (0.0ms)[0m  [1m[34mSELECT  "shelters".* FROM "shelters" WHERE "shelters"."id" = $1 LIMIT $2[0m  [["id", 57], ["LIMIT", 1]]
  [1m[36mCACHE Shelter Load (0.0ms)[0m  [1m[34mSELECT  "shelters".* FROM "shelters" WHERE "shelters"."id" = $1 LIMIT $2[0m  [["id", 57], ["LIMIT", 1]]
  [1m[36mCACHE Shelter Load (0.0ms)[0m  [1m[34mSELECT  "shelters".* FROM "shelters" WHERE "shelters"."id" = $1 LIMIT $2[0m  [["id", 57], ["LIMIT", 1]]
  [1m[36mCACHE Shelter Load (0.0ms)[0m  [1m[34mSELECT  "shelters".* FROM "shelters" WHERE "shelters"."id" = $1 LIMIT $2[0m  [["id", 57], ["LIMIT", 1]]
  [1m[36mCACHE Shelter Load (0.0ms)[0m  [1m[34mSELECT  "shelters".* FROM "shelters" WHERE "shelters"."id" = $1 LIMIT $2[0m  [["id", 57], ["LIMIT", 1]]
  [1m[36mCACHE Shelter Load (0.0ms)[0m  [1m[34mSELECT  "shelters".* FROM "shelters" WHERE "shelters"."id" = $1 LIMIT $2[0m  [["id", 57], ["LIMIT", 1]]
  [1m[36mCACHE Shelter Load (0.0ms)[0m  [1m[34mSELECT  "shelters".* FROM "shelters" WHERE "shelters"."id" = $1 LIMIT $2[0m  [["id", 57], ["LIMIT", 1]]
  [1m[36mCACHE Shelter Load (0.0ms)[0m  [1m[34mSELECT  "shelters".* FROM "shelters" WHERE "shelters"."id" = $1 LIMIT $2[0m  [["id", 57], ["LIMIT", 1]]
  [1m[36mCACHE Shelter Load (0.0ms)[0m  [1m[34mSELECT  "shelters".* FROM "shelters" WHERE "shelters"."id" = $1 LIMIT $2[0m  [["id", 57], ["LIMIT", 1]]
  [1m[36mCACHE Shelter Load (0.0ms)[0m  [1m[34mSELECT  "shelters".* FROM "shelters" WHERE "shelters"."id" = $1 LIMIT $2[0m  [["id", 57], ["LIMIT", 1]]
  [1m[36mCACHE Shelter Load (0.0ms)[0m  [1m[34mSELECT  "shelters".* FROM "shelters" WHERE "shelters"."id" = $1 LIMIT $2[0m  [["id", 57], ["LIMIT", 1]]
  [1m[36mCACHE Shelter Load (0.0ms)[0m  [1m[34mSELECT  "shelters".* FROM "shelters" WHERE "shelters"."id" = $1 LIMIT $2[0m  [["id", 57], ["LIMIT", 1]]
  [1m[36mShelter Load (0.2ms)[0m  [1m[34mSELECT  "shelters".* FROM "shelters" WHERE "shelters"."id" = $1 LIMIT $2[0m  [["id", 58], ["LIMIT", 1]]
  [1m[36mCACHE Shelter Load (0.0ms)[0m  [1m[34mSELECT  "shelters".* FROM "shelters" WHERE "shelters"."id" = $1 LIMIT $2[0m  [["id", 58], ["LIMIT", 1]]
  [1m[36mCACHE Shelter Load (0.0ms)[0m  [1m[34mSELECT  "shelters".* FROM "shelters" WHERE "shelters"."id" = $1 LIMIT $2[0m  [["id", 58], ["LIMIT", 1]]
  [1m[36mCACHE Shelter Load (0.0ms)[0m  [1m[34mSELECT  "shelters".* FROM "shelters" WHERE "shelters"."id" = $1 LIMIT $2[0m  [["id", 58], ["LIMIT", 1]]
  [1m[36mCACHE Shelter Load (0.0ms)[0m  [1m[34mSELECT  "shelters".* FROM "shelters" WHERE "shelters"."id" = $1 LIMIT $2[0m  [["id", 58], ["LIMIT", 1]]
  [1m[36mCACHE Shelter Load (0.0ms)[0m  [1m[34mSELECT  "shelters".* FROM "shelters" WHERE "shelters"."id" = $1 LIMIT $2[0m  [["id", 58], ["LIMIT", 1]]
  [1m[36mCACHE Shelter Load (0.0ms)[0m  [1m[34mSELECT  "shelters".* FROM "shelters" WHERE "shelters"."id" = $1 LIMIT $2[0m  [["id", 58], ["LIMIT", 1]]
  [1m[36mCACHE Shelter Load (0.0ms)[0m  [1m[34mSELECT  "shelters".* FROM "shelters" WHERE "shelters"."id" = $1 LIMIT $2[0m  [["id", 58], ["LIMIT", 1]]
  [1m[36mCACHE Shelter Load (0.0ms)[0m  [1m[34mSELECT  "shelters".* FROM "shelters" WHERE "shelters"."id" = $1 LIMIT $2[0m  [["id", 58], ["LIMIT", 1]]
  [1m[36mCACHE Shelter Load (0.0ms)[0m  [1m[34mSELECT  "shelters".* FROM "shelters" WHERE "shelters"."id" = $1 LIMIT $2[0m  [["id", 58], ["LIMIT", 1]]
  [1m[36mCACHE Shelter Load (0.0ms)[0m  [1m[34mSELECT  "shelters".* FROM "shelters" WHERE "shelters"."id" = $1 LIMIT $2[0m  [["id", 58], ["LIMIT", 1]]
  [1m[36mCACHE Shelter Load (0.0ms)[0m  [1m[34mSELECT  "shelters".* FROM "shelters" WHERE "shelters"."id" = $1 LIMIT $2[0m  [["id", 58], ["LIMIT", 1]]
  [1m[36mCACHE Shelter Load (0.0ms)[0m  [1m[34mSELECT  "shelters".* FROM "shelters" WHERE "shelters"."id" = $1 LIMIT $2[0m  [["id", 58], ["LIMIT", 1]]
  [1m[36mCACHE Shelter Load (0.0ms)[0m  [1m[34mSELECT  "shelters".* FROM "shelters" WHERE "shelters"."id" = $1 LIMIT $2[0m  [["id", 58], ["LIMIT", 1]]
  [1m[36mCACHE Shelter Load (0.0ms)[0m  [1m[34mSELECT  "shelters".* FROM "shelters" WHERE "shelters"."id" = $1 LIMIT $2[0m  [["id", 58], ["LIMIT", 1]]
  [1m[36mShelter Load (0.2ms)[0m  [1m[34mSELECT  "shelters".* FROM "shelters" WHERE "shelters"."id" = $1 LIMIT $2[0m  [["id", 59], ["LIMIT", 1]]
  [1m[36mCACHE Shelter Load (0.0ms)[0m  [1m[34mSELECT  "shelters".* FROM "shelters" WHERE "shelters"."id" = $1 LIMIT $2[0m  [["id", 59], ["LIMIT", 1]]
  [1m[36mCACHE Shelter Load (0.0ms)[0m  [1m[34mSELECT  "shelters".* FROM "shelters" WHERE "shelters"."id" = $1 LIMIT $2[0m  [["id", 59], ["LIMIT", 1]]
  [1m[36mCACHE Shelter Load (0.0ms)[0m  [1m[34mSELECT  "shelters".* FROM "shelters" WHERE "shelters"."id" = $1 LIMIT $2[0m  [["id", 59], ["LIMIT", 1]]
  [1m[36mCACHE Shelter Load (0.0ms)[0m  [1m[34mSELECT  "shelters".* FROM "shelters" WHERE "shelters"."id" = $1 LIMIT $2[0m  [["id", 59], ["LIMIT", 1]]
  [1m[36mCACHE Shelter Load (0.0ms)[0m  [1m[34mSELECT  "shelters".* FROM "shelters" WHERE "shelters"."id" = $1 LIMIT $2[0m  [["id", 59], ["LIMIT", 1]]
  [1m[36mCACHE Shelter Load (0.0ms)[0m  [1m[34mSELECT  "shelters".* FROM "shelters" WHERE "shelters"."id" = $1 LIMIT $2[0m  [["id", 59], ["LIMIT", 1]]
  [1m[36mCACHE Shelter Load (0.0ms)[0m  [1m[34mSELECT  "shelters".* FROM "shelters" WHERE "shelters"."id" = $1 LIMIT $2[0m  [["id", 59], ["LIMIT", 1]]
  [1m[36mCACHE Shelter Load (0.0ms)[0m  [1m[34mSELECT  "shelters".* FROM "shelters" WHERE "shelters"."id" = $1 LIMIT $2[0m  [["id", 59], ["LIMIT", 1]]
  [1m[36mCACHE Shelter Load (0.0ms)[0m  [1m[34mSELECT  "shelters".* FROM "shelters" WHERE "shelters"."id" = $1 LIMIT $2[0m  [["id", 59], ["LIMIT", 1]]
  [1m[36mCACHE Shelter Load (0.0ms)[0m  [1m[34mSELECT  "shelters".* FROM "shelters" WHERE "shelters"."id" = $1 LIMIT $2[0m  [["id", 59], ["LIMIT", 1]]
  [1m[36mCACHE Shelter Load (0.0ms)[0m  [1m[34mSELECT  "shelters".* FROM "shelters" WHERE "shelters"."id" = $1 LIMIT $2[0m  [["id", 59], ["LIMIT", 1]]
  [1m[36mCACHE Shelter Load (0.0ms)[0m  [1m[34mSELECT  "shelters".* FROM "shelters" WHERE "shelters"."id" = $1 LIMIT $2[0m  [["id", 59], ["LIMIT", 1]]
  [1m[36mCACHE Shelter Load (0.0ms)[0m  [1m[34mSELECT  "shelters".* FROM "shelters" WHERE "shelters"."id" = $1 LIMIT $2[0m  [["id", 59], ["LIMIT", 1]]
  [1m[36mCACHE Shelter Load (0.0ms)[0m  [1m[34mSELECT  "shelters".* FROM "shelters" WHERE "shelters"."id" = $1 LIMIT $2[0m  [["id", 59], ["LIMIT", 1]]
  [1m[36mShelter Load (0.2ms)[0m  [1m[34mSELECT  "shelters".* FROM "shelters" WHERE "shelters"."id" = $1 LIMIT $2[0m  [["id", 60], ["LIMIT", 1]]
  [1m[36mCACHE Shelter Load (0.0ms)[0m  [1m[34mSELECT  "shelters".* FROM "shelters" WHERE "shelters"."id" = $1 LIMIT $2[0m  [["id", 60], ["LIMIT", 1]]
  [1m[36mCACHE Shelter Load (0.0ms)[0m  [1m[34mSELECT  "shelters".* FROM "shelters" WHERE "shelters"."id" = $1 LIMIT $2[0m  [["id", 60], ["LIMIT", 1]]
  [1m[36mCACHE Shelter Load (0.0ms)[0m  [1m[34mSELECT  "shelters".* FROM "shelters" WHERE "shelters"."id" = $1 LIMIT $2[0m  [["id", 60], ["LIMIT", 1]]
  [1m[36mCACHE Shelter Load (0.0ms)[0m  [1m[34mSELECT  "shelters".* FROM "shelters" WHERE "shelters"."id" = $1 LIMIT $2[0m  [["id", 60], ["LIMIT", 1]]
  [1m[36mCACHE Shelter Load (0.0ms)[0m  [1m[34mSELECT  "shelters".* FROM "shelters" WHERE "shelters"."id" = $1 LIMIT $2[0m  [["id", 60], ["LIMIT", 1]]
  [1m[36mCACHE Shelter Load (0.0ms)[0m  [1m[34mSELECT  "shelters".* FROM "shelters" WHERE "shelters"."id" = $1 LIMIT $2[0m  [["id", 60], ["LIMIT", 1]]
  [1m[36mCACHE Shelter Load (0.0ms)[0m  [1m[34mSELECT  "shelters".* FROM "shelters" WHERE "shelters"."id" = $1 LIMIT $2[0m  [["id", 60], ["LIMIT", 1]]
  [1m[36mCACHE Shelter Load (0.0ms)[0m  [1m[34mSELECT  "shelters".* FROM "shelters" WHERE "shelters"."id" = $1 LIMIT $2[0m  [["id", 60], ["LIMIT", 1]]
  [1m[36mCACHE Shelter Load (0.0ms)[0m  [1m[34mSELECT  "shelters".* FROM "shelters" WHERE "shelters"."id" = $1 LIMIT $2[0m  [["id", 60], ["LIMIT", 1]]
  [1m[36mCACHE Shelter Load (0.0ms)[0m  [1m[34mSELECT  "shelters".* FROM "shelters" WHERE "shelters"."id" = $1 LIMIT $2[0m  [["id", 60], ["LIMIT", 1]]
  [1m[36mCACHE Shelter Load (0.0ms)[0m  [1m[34mSELECT  "shelters".* FROM "shelters" WHERE "shelters"."id" = $1 LIMIT $2[0m  [["id", 60], ["LIMIT", 1]]
  [1m[36mCACHE Shelter Load (0.0ms)[0m  [1m[34mSELECT  "shelters".* FROM "shelters" WHERE "shelters"."id" = $1 LIMIT $2[0m  [["id", 60], ["LIMIT", 1]]
  [1m[36mCACHE Shelter Load (0.0ms)[0m  [1m[34mSELECT  "shelters".* FROM "shelters" WHERE "shelters"."id" = $1 LIMIT $2[0m  [["id", 60], ["LIMIT", 1]]
  [1m[36mCACHE Shelter Load (0.0ms)[0m  [1m[34mSELECT  "shelters".* FROM "shelters" WHERE "shelters"."id" = $1 LIMIT $2[0m  [["id", 60], ["LIMIT", 1]]
  Rendered pets/index.html.erb within layouts/application (64.2ms)
Completed 200 OK in 86ms (Views: 81.4ms | ActiveRecord: 3.5ms)


Started GET "/pets/613" for ::1 at 2019-12-05 19:39:26 -0700
Processing by PetsController#show as HTML
  Parameters: {"id"=>"613"}
  [1m[36mPet Load (0.2ms)[0m  [1m[34mSELECT  "pets".* FROM "pets" WHERE "pets"."id" = $1 LIMIT $2[0m  [["id", 613], ["LIMIT", 1]]
  Rendering pets/show.html.erb within layouts/application
  Rendered pets/show.html.erb within layouts/application (1.1ms)
Completed 200 OK in 26ms (Views: 24.3ms | ActiveRecord: 0.2ms)


Started PATCH "/favorites/613" for ::1 at 2019-12-05 19:39:28 -0700
Processing by FavoritesController#update as HTML
  Parameters: {"utf8"=>"✓", "authenticity_token"=>"RdMzBKoga0+3vHq5tkKoxdu7jeIusS8o9ti95CLO6Lxesq8NwpCpfhmu6b6p8Ajgcb27uwvvjwTo1pX4kpIXgg==", "commit"=>"Favorite", "pet_id"=>"613"}
Redirected to http://localhost:3000/pets/613
Completed 302 Found in 1ms (ActiveRecord: 0.0ms)


Started GET "/pets/613" for ::1 at 2019-12-05 19:39:28 -0700
Processing by PetsController#show as HTML
  Parameters: {"id"=>"613"}
  [1m[36mPet Load (0.2ms)[0m  [1m[34mSELECT  "pets".* FROM "pets" WHERE "pets"."id" = $1 LIMIT $2[0m  [["id", 613], ["LIMIT", 1]]
  Rendering pets/show.html.erb within layouts/application
  Rendered pets/show.html.erb within layouts/application (1.1ms)
Completed 200 OK in 26ms (Views: 24.5ms | ActiveRecord: 0.2ms)


Started GET "/favorites" for ::1 at 2019-12-05 19:39:29 -0700
Processing by FavoritesController#index as HTML
  [1m[36mPet Load (0.5ms)[0m  [1m[34mSELECT "pets".* FROM "pets" WHERE "pets"."id" IN (575, 613)[0m
  Rendering favorites/index.html.erb within layouts/application
  Rendered favorites/index.html.erb within layouts/application (1.4ms)
Completed 200 OK in 30ms (Views: 27.5ms | ActiveRecord: 0.5ms)


Started GET "/application/new" for ::1 at 2019-12-05 19:39:31 -0700
Processing by PetapplicationsController#new as HTML
  [1m[36mPet Load (0.4ms)[0m  [1m[34mSELECT "pets".* FROM "pets" WHERE "pets"."id" IN (575, 613)[0m
  Rendering petapplications/new.html.erb within layouts/application
  Rendered petapplications/new.html.erb within layouts/application (1.5ms)
Completed 200 OK in 29ms (Views: 26.4ms | ActiveRecord: 0.4ms)


Started GET "/pets" for ::1 at 2019-12-05 19:39:33 -0700
Processing by PetsController#index as HTML
  Rendering pets/index.html.erb within layouts/application
  [1m[36mPet Load (0.3ms)[0m  [1m[34mSELECT "pets".* FROM "pets"[0m
  [1m[36mShelter Load (0.2ms)[0m  [1m[34mSELECT  "shelters".* FROM "shelters" WHERE "shelters"."id" = $1 LIMIT $2[0m  [["id", 56], ["LIMIT", 1]]
  [1m[36mCACHE Shelter Load (0.0ms)[0m  [1m[34mSELECT  "shelters".* FROM "shelters" WHERE "shelters"."id" = $1 LIMIT $2[0m  [["id", 56], ["LIMIT", 1]]
  [1m[36mCACHE Shelter Load (0.0ms)[0m  [1m[34mSELECT  "shelters".* FROM "shelters" WHERE "shelters"."id" = $1 LIMIT $2[0m  [["id", 56], ["LIMIT", 1]]
  [1m[36mCACHE Shelter Load (0.0ms)[0m  [1m[34mSELECT  "shelters".* FROM "shelters" WHERE "shelters"."id" = $1 LIMIT $2[0m  [["id", 56], ["LIMIT", 1]]
  [1m[36mCACHE Shelter Load (0.0ms)[0m  [1m[34mSELECT  "shelters".* FROM "shelters" WHERE "shelters"."id" = $1 LIMIT $2[0m  [["id", 56], ["LIMIT", 1]]
  [1m[36mCACHE Shelter Load (0.0ms)[0m  [1m[34mSELECT  "shelters".* FROM "shelters" WHERE "shelters"."id" = $1 LIMIT $2[0m  [["id", 56], ["LIMIT", 1]]
  [1m[36mCACHE Shelter Load (0.0ms)[0m  [1m[34mSELECT  "shelters".* FROM "shelters" WHERE "shelters"."id" = $1 LIMIT $2[0m  [["id", 56], ["LIMIT", 1]]
  [1m[36mCACHE Shelter Load (0.0ms)[0m  [1m[34mSELECT  "shelters".* FROM "shelters" WHERE "shelters"."id" = $1 LIMIT $2[0m  [["id", 56], ["LIMIT", 1]]
  [1m[36mCACHE Shelter Load (0.0ms)[0m  [1m[34mSELECT  "shelters".* FROM "shelters" WHERE "shelters"."id" = $1 LIMIT $2[0m  [["id", 56], ["LIMIT", 1]]
  [1m[36mCACHE Shelter Load (0.0ms)[0m  [1m[34mSELECT  "shelters".* FROM "shelters" WHERE "shelters"."id" = $1 LIMIT $2[0m  [["id", 56], ["LIMIT", 1]]
  [1m[36mCACHE Shelter Load (0.0ms)[0m  [1m[34mSELECT  "shelters".* FROM "shelters" WHERE "shelters"."id" = $1 LIMIT $2[0m  [["id", 56], ["LIMIT", 1]]
  [1m[36mCACHE Shelter Load (0.0ms)[0m  [1m[34mSELECT  "shelters".* FROM "shelters" WHERE "shelters"."id" = $1 LIMIT $2[0m  [["id", 56], ["LIMIT", 1]]
  [1m[36mCACHE Shelter Load (0.0ms)[0m  [1m[34mSELECT  "shelters".* FROM "shelters" WHERE "shelters"."id" = $1 LIMIT $2[0m  [["id", 56], ["LIMIT", 1]]
  [1m[36mCACHE Shelter Load (0.0ms)[0m  [1m[34mSELECT  "shelters".* FROM "shelters" WHERE "shelters"."id" = $1 LIMIT $2[0m  [["id", 56], ["LIMIT", 1]]
  [1m[36mCACHE Shelter Load (0.0ms)[0m  [1m[34mSELECT  "shelters".* FROM "shelters" WHERE "shelters"."id" = $1 LIMIT $2[0m  [["id", 56], ["LIMIT", 1]]
  [1m[36mShelter Load (0.2ms)[0m  [1m[34mSELECT  "shelters".* FROM "shelters" WHERE "shelters"."id" = $1 LIMIT $2[0m  [["id", 57], ["LIMIT", 1]]
  [1m[36mCACHE Shelter Load (0.0ms)[0m  [1m[34mSELECT  "shelters".* FROM "shelters" WHERE "shelters"."id" = $1 LIMIT $2[0m  [["id", 57], ["LIMIT", 1]]
  [1m[36mCACHE Shelter Load (0.0ms)[0m  [1m[34mSELECT  "shelters".* FROM "shelters" WHERE "shelters"."id" = $1 LIMIT $2[0m  [["id", 57], ["LIMIT", 1]]
  [1m[36mCACHE Shelter Load (0.0ms)[0m  [1m[34mSELECT  "shelters".* FROM "shelters" WHERE "shelters"."id" = $1 LIMIT $2[0m  [["id", 57], ["LIMIT", 1]]
  [1m[36mCACHE Shelter Load (0.0ms)[0m  [1m[34mSELECT  "shelters".* FROM "shelters" WHERE "shelters"."id" = $1 LIMIT $2[0m  [["id", 57], ["LIMIT", 1]]
  [1m[36mCACHE Shelter Load (0.0ms)[0m  [1m[34mSELECT  "shelters".* FROM "shelters" WHERE "shelters"."id" = $1 LIMIT $2[0m  [["id", 57], ["LIMIT", 1]]
  [1m[36mCACHE Shelter Load (0.0ms)[0m  [1m[34mSELECT  "shelters".* FROM "shelters" WHERE "shelters"."id" = $1 LIMIT $2[0m  [["id", 57], ["LIMIT", 1]]
  [1m[36mCACHE Shelter Load (0.0ms)[0m  [1m[34mSELECT  "shelters".* FROM "shelters" WHERE "shelters"."id" = $1 LIMIT $2[0m  [["id", 57], ["LIMIT", 1]]
  [1m[36mCACHE Shelter Load (0.0ms)[0m  [1m[34mSELECT  "shelters".* FROM "shelters" WHERE "shelters"."id" = $1 LIMIT $2[0m  [["id", 57], ["LIMIT", 1]]
  [1m[36mCACHE Shelter Load (0.0ms)[0m  [1m[34mSELECT  "shelters".* FROM "shelters" WHERE "shelters"."id" = $1 LIMIT $2[0m  [["id", 57], ["LIMIT", 1]]
  [1m[36mCACHE Shelter Load (0.0ms)[0m  [1m[34mSELECT  "shelters".* FROM "shelters" WHERE "shelters"."id" = $1 LIMIT $2[0m  [["id", 57], ["LIMIT", 1]]
  [1m[36mCACHE Shelter Load (0.0ms)[0m  [1m[34mSELECT  "shelters".* FROM "shelters" WHERE "shelters"."id" = $1 LIMIT $2[0m  [["id", 57], ["LIMIT", 1]]
  [1m[36mCACHE Shelter Load (0.0ms)[0m  [1m[34mSELECT  "shelters".* FROM "shelters" WHERE "shelters"."id" = $1 LIMIT $2[0m  [["id", 57], ["LIMIT", 1]]
  [1m[36mCACHE Shelter Load (0.0ms)[0m  [1m[34mSELECT  "shelters".* FROM "shelters" WHERE "shelters"."id" = $1 LIMIT $2[0m  [["id", 57], ["LIMIT", 1]]
  [1m[36mCACHE Shelter Load (0.0ms)[0m  [1m[34mSELECT  "shelters".* FROM "shelters" WHERE "shelters"."id" = $1 LIMIT $2[0m  [["id", 57], ["LIMIT", 1]]
  [1m[36mShelter Load (0.2ms)[0m  [1m[34mSELECT  "shelters".* FROM "shelters" WHERE "shelters"."id" = $1 LIMIT $2[0m  [["id", 58], ["LIMIT", 1]]
  [1m[36mCACHE Shelter Load (0.0ms)[0m  [1m[34mSELECT  "shelters".* FROM "shelters" WHERE "shelters"."id" = $1 LIMIT $2[0m  [["id", 58], ["LIMIT", 1]]
  [1m[36mCACHE Shelter Load (0.0ms)[0m  [1m[34mSELECT  "shelters".* FROM "shelters" WHERE "shelters"."id" = $1 LIMIT $2[0m  [["id", 58], ["LIMIT", 1]]
  [1m[36mCACHE Shelter Load (0.0ms)[0m  [1m[34mSELECT  "shelters".* FROM "shelters" WHERE "shelters"."id" = $1 LIMIT $2[0m  [["id", 58], ["LIMIT", 1]]
  [1m[36mCACHE Shelter Load (0.0ms)[0m  [1m[34mSELECT  "shelters".* FROM "shelters" WHERE "shelters"."id" = $1 LIMIT $2[0m  [["id", 58], ["LIMIT", 1]]
  [1m[36mCACHE Shelter Load (0.0ms)[0m  [1m[34mSELECT  "shelters".* FROM "shelters" WHERE "shelters"."id" = $1 LIMIT $2[0m  [["id", 58], ["LIMIT", 1]]
  [1m[36mCACHE Shelter Load (0.0ms)[0m  [1m[34mSELECT  "shelters".* FROM "shelters" WHERE "shelters"."id" = $1 LIMIT $2[0m  [["id", 58], ["LIMIT", 1]]
  [1m[36mCACHE Shelter Load (0.0ms)[0m  [1m[34mSELECT  "shelters".* FROM "shelters" WHERE "shelters"."id" = $1 LIMIT $2[0m  [["id", 58], ["LIMIT", 1]]
  [1m[36mCACHE Shelter Load (0.0ms)[0m  [1m[34mSELECT  "shelters".* FROM "shelters" WHERE "shelters"."id" = $1 LIMIT $2[0m  [["id", 58], ["LIMIT", 1]]
  [1m[36mCACHE Shelter Load (0.0ms)[0m  [1m[34mSELECT  "shelters".* FROM "shelters" WHERE "shelters"."id" = $1 LIMIT $2[0m  [["id", 58], ["LIMIT", 1]]
  [1m[36mCACHE Shelter Load (0.0ms)[0m  [1m[34mSELECT  "shelters".* FROM "shelters" WHERE "shelters"."id" = $1 LIMIT $2[0m  [["id", 58], ["LIMIT", 1]]
  [1m[36mCACHE Shelter Load (0.0ms)[0m  [1m[34mSELECT  "shelters".* FROM "shelters" WHERE "shelters"."id" = $1 LIMIT $2[0m  [["id", 58], ["LIMIT", 1]]
  [1m[36mCACHE Shelter Load (0.0ms)[0m  [1m[34mSELECT  "shelters".* FROM "shelters" WHERE "shelters"."id" = $1 LIMIT $2[0m  [["id", 58], ["LIMIT", 1]]
  [1m[36mCACHE Shelter Load (0.0ms)[0m  [1m[34mSELECT  "shelters".* FROM "shelters" WHERE "shelters"."id" = $1 LIMIT $2[0m  [["id", 58], ["LIMIT", 1]]
  [1m[36mCACHE Shelter Load (0.0ms)[0m  [1m[34mSELECT  "shelters".* FROM "shelters" WHERE "shelters"."id" = $1 LIMIT $2[0m  [["id", 58], ["LIMIT", 1]]
  [1m[36mShelter Load (0.2ms)[0m  [1m[34mSELECT  "shelters".* FROM "shelters" WHERE "shelters"."id" = $1 LIMIT $2[0m  [["id", 59], ["LIMIT", 1]]
  [1m[36mCACHE Shelter Load (0.0ms)[0m  [1m[34mSELECT  "shelters".* FROM "shelters" WHERE "shelters"."id" = $1 LIMIT $2[0m  [["id", 59], ["LIMIT", 1]]
  [1m[36mCACHE Shelter Load (0.0ms)[0m  [1m[34mSELECT  "shelters".* FROM "shelters" WHERE "shelters"."id" = $1 LIMIT $2[0m  [["id", 59], ["LIMIT", 1]]
  [1m[36mCACHE Shelter Load (0.0ms)[0m  [1m[34mSELECT  "shelters".* FROM "shelters" WHERE "shelters"."id" = $1 LIMIT $2[0m  [["id", 59], ["LIMIT", 1]]
  [1m[36mCACHE Shelter Load (0.0ms)[0m  [1m[34mSELECT  "shelters".* FROM "shelters" WHERE "shelters"."id" = $1 LIMIT $2[0m  [["id", 59], ["LIMIT", 1]]
  [1m[36mCACHE Shelter Load (0.0ms)[0m  [1m[34mSELECT  "shelters".* FROM "shelters" WHERE "shelters"."id" = $1 LIMIT $2[0m  [["id", 59], ["LIMIT", 1]]
  [1m[36mCACHE Shelter Load (0.0ms)[0m  [1m[34mSELECT  "shelters".* FROM "shelters" WHERE "shelters"."id" = $1 LIMIT $2[0m  [["id", 59], ["LIMIT", 1]]
  [1m[36mCACHE Shelter Load (0.0ms)[0m  [1m[34mSELECT  "shelters".* FROM "shelters" WHERE "shelters"."id" = $1 LIMIT $2[0m  [["id", 59], ["LIMIT", 1]]
  [1m[36mCACHE Shelter Load (0.0ms)[0m  [1m[34mSELECT  "shelters".* FROM "shelters" WHERE "shelters"."id" = $1 LIMIT $2[0m  [["id", 59], ["LIMIT", 1]]
  [1m[36mCACHE Shelter Load (0.0ms)[0m  [1m[34mSELECT  "shelters".* FROM "shelters" WHERE "shelters"."id" = $1 LIMIT $2[0m  [["id", 59], ["LIMIT", 1]]
  [1m[36mCACHE Shelter Load (0.0ms)[0m  [1m[34mSELECT  "shelters".* FROM "shelters" WHERE "shelters"."id" = $1 LIMIT $2[0m  [["id", 59], ["LIMIT", 1]]
  [1m[36mCACHE Shelter Load (0.0ms)[0m  [1m[34mSELECT  "shelters".* FROM "shelters" WHERE "shelters"."id" = $1 LIMIT $2[0m  [["id", 59], ["LIMIT", 1]]
  [1m[36mCACHE Shelter Load (0.0ms)[0m  [1m[34mSELECT  "shelters".* FROM "shelters" WHERE "shelters"."id" = $1 LIMIT $2[0m  [["id", 59], ["LIMIT", 1]]
  [1m[36mCACHE Shelter Load (0.0ms)[0m  [1m[34mSELECT  "shelters".* FROM "shelters" WHERE "shelters"."id" = $1 LIMIT $2[0m  [["id", 59], ["LIMIT", 1]]
  [1m[36mCACHE Shelter Load (0.0ms)[0m  [1m[34mSELECT  "shelters".* FROM "shelters" WHERE "shelters"."id" = $1 LIMIT $2[0m  [["id", 59], ["LIMIT", 1]]
  [1m[36mShelter Load (0.2ms)[0m  [1m[34mSELECT  "shelters".* FROM "shelters" WHERE "shelters"."id" = $1 LIMIT $2[0m  [["id", 60], ["LIMIT", 1]]
  [1m[36mCACHE Shelter Load (0.0ms)[0m  [1m[34mSELECT  "shelters".* FROM "shelters" WHERE "shelters"."id" = $1 LIMIT $2[0m  [["id", 60], ["LIMIT", 1]]
  [1m[36mCACHE Shelter Load (0.0ms)[0m  [1m[34mSELECT  "shelters".* FROM "shelters" WHERE "shelters"."id" = $1 LIMIT $2[0m  [["id", 60], ["LIMIT", 1]]
  [1m[36mCACHE Shelter Load (0.0ms)[0m  [1m[34mSELECT  "shelters".* FROM "shelters" WHERE "shelters"."id" = $1 LIMIT $2[0m  [["id", 60], ["LIMIT", 1]]
  [1m[36mCACHE Shelter Load (0.0ms)[0m  [1m[34mSELECT  "shelters".* FROM "shelters" WHERE "shelters"."id" = $1 LIMIT $2[0m  [["id", 60], ["LIMIT", 1]]
  [1m[36mCACHE Shelter Load (0.0ms)[0m  [1m[34mSELECT  "shelters".* FROM "shelters" WHERE "shelters"."id" = $1 LIMIT $2[0m  [["id", 60], ["LIMIT", 1]]
  [1m[36mCACHE Shelter Load (0.0ms)[0m  [1m[34mSELECT  "shelters".* FROM "shelters" WHERE "shelters"."id" = $1 LIMIT $2[0m  [["id", 60], ["LIMIT", 1]]
  [1m[36mCACHE Shelter Load (0.0ms)[0m  [1m[34mSELECT  "shelters".* FROM "shelters" WHERE "shelters"."id" = $1 LIMIT $2[0m  [["id", 60], ["LIMIT", 1]]
  [1m[36mCACHE Shelter Load (0.0ms)[0m  [1m[34mSELECT  "shelters".* FROM "shelters" WHERE "shelters"."id" = $1 LIMIT $2[0m  [["id", 60], ["LIMIT", 1]]
  [1m[36mCACHE Shelter Load (0.0ms)[0m  [1m[34mSELECT  "shelters".* FROM "shelters" WHERE "shelters"."id" = $1 LIMIT $2[0m  [["id", 60], ["LIMIT", 1]]
  [1m[36mCACHE Shelter Load (0.0ms)[0m  [1m[34mSELECT  "shelters".* FROM "shelters" WHERE "shelters"."id" = $1 LIMIT $2[0m  [["id", 60], ["LIMIT", 1]]
  [1m[36mCACHE Shelter Load (0.0ms)[0m  [1m[34mSELECT  "shelters".* FROM "shelters" WHERE "shelters"."id" = $1 LIMIT $2[0m  [["id", 60], ["LIMIT", 1]]
  [1m[36mCACHE Shelter Load (0.0ms)[0m  [1m[34mSELECT  "shelters".* FROM "shelters" WHERE "shelters"."id" = $1 LIMIT $2[0m  [["id", 60], ["LIMIT", 1]]
  [1m[36mCACHE Shelter Load (0.0ms)[0m  [1m[34mSELECT  "shelters".* FROM "shelters" WHERE "shelters"."id" = $1 LIMIT $2[0m  [["id", 60], ["LIMIT", 1]]
  [1m[36mCACHE Shelter Load (0.0ms)[0m  [1m[34mSELECT  "shelters".* FROM "shelters" WHERE "shelters"."id" = $1 LIMIT $2[0m  [["id", 60], ["LIMIT", 1]]
  Rendered pets/index.html.erb within layouts/application (64.9ms)
Completed 200 OK in 88ms (Views: 85.1ms | ActiveRecord: 1.8ms)


Started GET "/pets/616" for ::1 at 2019-12-05 19:39:48 -0700
Processing by PetsController#show as HTML
  Parameters: {"id"=>"616"}
  [1m[36mPet Load (0.2ms)[0m  [1m[34mSELECT  "pets".* FROM "pets" WHERE "pets"."id" = $1 LIMIT $2[0m  [["id", 616], ["LIMIT", 1]]
  Rendering pets/show.html.erb within layouts/application
  Rendered pets/show.html.erb within layouts/application (1.4ms)
Completed 200 OK in 28ms (Views: 26.0ms | ActiveRecord: 0.2ms)


Started PATCH "/favorites/616" for ::1 at 2019-12-05 19:39:50 -0700
Processing by FavoritesController#update as HTML
  Parameters: {"utf8"=>"✓", "authenticity_token"=>"8Re2soPHgJuDsEfStGrsOTmf11C9LqCE2dT50NUwwQLqdiq763dCqi2i1NWr2Ewck5nhCZhwAKjH2tHMZWw+PA==", "commit"=>"Favorite", "pet_id"=>"616"}
Redirected to http://localhost:3000/pets/616
Completed 302 Found in 1ms (ActiveRecord: 0.0ms)


Started GET "/pets/616" for ::1 at 2019-12-05 19:39:50 -0700
Processing by PetsController#show as HTML
  Parameters: {"id"=>"616"}
  [1m[36mPet Load (0.2ms)[0m  [1m[34mSELECT  "pets".* FROM "pets" WHERE "pets"."id" = $1 LIMIT $2[0m  [["id", 616], ["LIMIT", 1]]
  Rendering pets/show.html.erb within layouts/application
  Rendered pets/show.html.erb within layouts/application (1.1ms)
Completed 200 OK in 25ms (Views: 23.8ms | ActiveRecord: 0.2ms)


Started GET "/favorites" for ::1 at 2019-12-05 19:39:51 -0700
Processing by FavoritesController#index as HTML
  [1m[36mPet Load (0.3ms)[0m  [1m[34mSELECT "pets".* FROM "pets" WHERE "pets"."id" IN (575, 613, 616)[0m
  Rendering favorites/index.html.erb within layouts/application
  Rendered favorites/index.html.erb within layouts/application (1.6ms)
Completed 200 OK in 27ms (Views: 25.1ms | ActiveRecord: 0.3ms)


Started GET "/application/new" for ::1 at 2019-12-05 19:39:54 -0700
Processing by PetapplicationsController#new as HTML
  [1m[36mPet Load (0.3ms)[0m  [1m[34mSELECT "pets".* FROM "pets" WHERE "pets"."id" IN (575, 613, 616)[0m
  Rendering petapplications/new.html.erb within layouts/application
  Rendered petapplications/new.html.erb within layouts/application (1.4ms)
Completed 200 OK in 29ms (Views: 26.3ms | ActiveRecord: 0.3ms)


Started POST "/favorites" for ::1 at 2019-12-05 19:40:03 -0700
  
ActionController::RoutingError (No route matches [POST] "/favorites"):
  
actionpack (5.1.7) lib/action_dispatch/middleware/debug_exceptions.rb:63:in `call'
web-console (3.7.0) lib/web_console/middleware.rb:135:in `call_app'
web-console (3.7.0) lib/web_console/middleware.rb:30:in `block in call'
web-console (3.7.0) lib/web_console/middleware.rb:20:in `catch'
web-console (3.7.0) lib/web_console/middleware.rb:20:in `call'
actionpack (5.1.7) lib/action_dispatch/middleware/show_exceptions.rb:31:in `call'
railties (5.1.7) lib/rails/rack/logger.rb:36:in `call_app'
railties (5.1.7) lib/rails/rack/logger.rb:24:in `block in call'
activesupport (5.1.7) lib/active_support/tagged_logging.rb:69:in `block in tagged'
activesupport (5.1.7) lib/active_support/tagged_logging.rb:26:in `tagged'
activesupport (5.1.7) lib/active_support/tagged_logging.rb:69:in `tagged'
railties (5.1.7) lib/rails/rack/logger.rb:24:in `call'
sprockets-rails (3.2.1) lib/sprockets/rails/quiet_assets.rb:13:in `call'
actionpack (5.1.7) lib/action_dispatch/middleware/remote_ip.rb:79:in `call'
actionpack (5.1.7) lib/action_dispatch/middleware/request_id.rb:25:in `call'
rack (2.0.7) lib/rack/method_override.rb:22:in `call'
rack (2.0.7) lib/rack/runtime.rb:22:in `call'
activesupport (5.1.7) lib/active_support/cache/strategy/local_cache_middleware.rb:27:in `call'
actionpack (5.1.7) lib/action_dispatch/middleware/executor.rb:12:in `call'
actionpack (5.1.7) lib/action_dispatch/middleware/static.rb:125:in `call'
rack (2.0.7) lib/rack/sendfile.rb:111:in `call'
railties (5.1.7) lib/rails/engine.rb:522:in `call'
puma (3.12.1) lib/puma/configuration.rb:227:in `call'
puma (3.12.1) lib/puma/server.rb:660:in `handle_request'
puma (3.12.1) lib/puma/server.rb:474:in `process_client'
puma (3.12.1) lib/puma/server.rb:334:in `block in run'
puma (3.12.1) lib/puma/thread_pool.rb:135:in `block in spawn_thread'
Started GET "/pets" for ::1 at 2019-12-05 19:40:30 -0700
Processing by PetsController#index as HTML
  Rendering pets/index.html.erb within layouts/application
  [1m[36mPet Load (0.4ms)[0m  [1m[34mSELECT "pets".* FROM "pets"[0m
  [1m[36mShelter Load (0.2ms)[0m  [1m[34mSELECT  "shelters".* FROM "shelters" WHERE "shelters"."id" = $1 LIMIT $2[0m  [["id", 56], ["LIMIT", 1]]
  [1m[36mCACHE Shelter Load (0.0ms)[0m  [1m[34mSELECT  "shelters".* FROM "shelters" WHERE "shelters"."id" = $1 LIMIT $2[0m  [["id", 56], ["LIMIT", 1]]
  [1m[36mCACHE Shelter Load (0.0ms)[0m  [1m[34mSELECT  "shelters".* FROM "shelters" WHERE "shelters"."id" = $1 LIMIT $2[0m  [["id", 56], ["LIMIT", 1]]
  [1m[36mCACHE Shelter Load (0.0ms)[0m  [1m[34mSELECT  "shelters".* FROM "shelters" WHERE "shelters"."id" = $1 LIMIT $2[0m  [["id", 56], ["LIMIT", 1]]
  [1m[36mCACHE Shelter Load (0.0ms)[0m  [1m[34mSELECT  "shelters".* FROM "shelters" WHERE "shelters"."id" = $1 LIMIT $2[0m  [["id", 56], ["LIMIT", 1]]
  [1m[36mCACHE Shelter Load (0.0ms)[0m  [1m[34mSELECT  "shelters".* FROM "shelters" WHERE "shelters"."id" = $1 LIMIT $2[0m  [["id", 56], ["LIMIT", 1]]
  [1m[36mCACHE Shelter Load (0.0ms)[0m  [1m[34mSELECT  "shelters".* FROM "shelters" WHERE "shelters"."id" = $1 LIMIT $2[0m  [["id", 56], ["LIMIT", 1]]
  [1m[36mCACHE Shelter Load (0.0ms)[0m  [1m[34mSELECT  "shelters".* FROM "shelters" WHERE "shelters"."id" = $1 LIMIT $2[0m  [["id", 56], ["LIMIT", 1]]
  [1m[36mCACHE Shelter Load (0.0ms)[0m  [1m[34mSELECT  "shelters".* FROM "shelters" WHERE "shelters"."id" = $1 LIMIT $2[0m  [["id", 56], ["LIMIT", 1]]
  [1m[36mCACHE Shelter Load (0.0ms)[0m  [1m[34mSELECT  "shelters".* FROM "shelters" WHERE "shelters"."id" = $1 LIMIT $2[0m  [["id", 56], ["LIMIT", 1]]
  [1m[36mCACHE Shelter Load (0.0ms)[0m  [1m[34mSELECT  "shelters".* FROM "shelters" WHERE "shelters"."id" = $1 LIMIT $2[0m  [["id", 56], ["LIMIT", 1]]
  [1m[36mCACHE Shelter Load (0.0ms)[0m  [1m[34mSELECT  "shelters".* FROM "shelters" WHERE "shelters"."id" = $1 LIMIT $2[0m  [["id", 56], ["LIMIT", 1]]
  [1m[36mCACHE Shelter Load (0.0ms)[0m  [1m[34mSELECT  "shelters".* FROM "shelters" WHERE "shelters"."id" = $1 LIMIT $2[0m  [["id", 56], ["LIMIT", 1]]
  [1m[36mCACHE Shelter Load (0.0ms)[0m  [1m[34mSELECT  "shelters".* FROM "shelters" WHERE "shelters"."id" = $1 LIMIT $2[0m  [["id", 56], ["LIMIT", 1]]
  [1m[36mCACHE Shelter Load (0.0ms)[0m  [1m[34mSELECT  "shelters".* FROM "shelters" WHERE "shelters"."id" = $1 LIMIT $2[0m  [["id", 56], ["LIMIT", 1]]
  [1m[36mShelter Load (0.2ms)[0m  [1m[34mSELECT  "shelters".* FROM "shelters" WHERE "shelters"."id" = $1 LIMIT $2[0m  [["id", 57], ["LIMIT", 1]]
  [1m[36mCACHE Shelter Load (0.0ms)[0m  [1m[34mSELECT  "shelters".* FROM "shelters" WHERE "shelters"."id" = $1 LIMIT $2[0m  [["id", 57], ["LIMIT", 1]]
  [1m[36mCACHE Shelter Load (0.0ms)[0m  [1m[34mSELECT  "shelters".* FROM "shelters" WHERE "shelters"."id" = $1 LIMIT $2[0m  [["id", 57], ["LIMIT", 1]]
  [1m[36mCACHE Shelter Load (0.0ms)[0m  [1m[34mSELECT  "shelters".* FROM "shelters" WHERE "shelters"."id" = $1 LIMIT $2[0m  [["id", 57], ["LIMIT", 1]]
  [1m[36mCACHE Shelter Load (0.0ms)[0m  [1m[34mSELECT  "shelters".* FROM "shelters" WHERE "shelters"."id" = $1 LIMIT $2[0m  [["id", 57], ["LIMIT", 1]]
  [1m[36mCACHE Shelter Load (0.0ms)[0m  [1m[34mSELECT  "shelters".* FROM "shelters" WHERE "shelters"."id" = $1 LIMIT $2[0m  [["id", 57], ["LIMIT", 1]]
  [1m[36mCACHE Shelter Load (0.0ms)[0m  [1m[34mSELECT  "shelters".* FROM "shelters" WHERE "shelters"."id" = $1 LIMIT $2[0m  [["id", 57], ["LIMIT", 1]]
  [1m[36mCACHE Shelter Load (0.0ms)[0m  [1m[34mSELECT  "shelters".* FROM "shelters" WHERE "shelters"."id" = $1 LIMIT $2[0m  [["id", 57], ["LIMIT", 1]]
  [1m[36mCACHE Shelter Load (0.0ms)[0m  [1m[34mSELECT  "shelters".* FROM "shelters" WHERE "shelters"."id" = $1 LIMIT $2[0m  [["id", 57], ["LIMIT", 1]]
  [1m[36mCACHE Shelter Load (0.0ms)[0m  [1m[34mSELECT  "shelters".* FROM "shelters" WHERE "shelters"."id" = $1 LIMIT $2[0m  [["id", 57], ["LIMIT", 1]]
  [1m[36mCACHE Shelter Load (0.0ms)[0m  [1m[34mSELECT  "shelters".* FROM "shelters" WHERE "shelters"."id" = $1 LIMIT $2[0m  [["id", 57], ["LIMIT", 1]]
  [1m[36mCACHE Shelter Load (0.0ms)[0m  [1m[34mSELECT  "shelters".* FROM "shelters" WHERE "shelters"."id" = $1 LIMIT $2[0m  [["id", 57], ["LIMIT", 1]]
  [1m[36mCACHE Shelter Load (0.0ms)[0m  [1m[34mSELECT  "shelters".* FROM "shelters" WHERE "shelters"."id" = $1 LIMIT $2[0m  [["id", 57], ["LIMIT", 1]]
  [1m[36mCACHE Shelter Load (0.0ms)[0m  [1m[34mSELECT  "shelters".* FROM "shelters" WHERE "shelters"."id" = $1 LIMIT $2[0m  [["id", 57], ["LIMIT", 1]]
  [1m[36mCACHE Shelter Load (0.0ms)[0m  [1m[34mSELECT  "shelters".* FROM "shelters" WHERE "shelters"."id" = $1 LIMIT $2[0m  [["id", 57], ["LIMIT", 1]]
  [1m[36mShelter Load (0.2ms)[0m  [1m[34mSELECT  "shelters".* FROM "shelters" WHERE "shelters"."id" = $1 LIMIT $2[0m  [["id", 58], ["LIMIT", 1]]
  [1m[36mCACHE Shelter Load (0.0ms)[0m  [1m[34mSELECT  "shelters".* FROM "shelters" WHERE "shelters"."id" = $1 LIMIT $2[0m  [["id", 58], ["LIMIT", 1]]
  [1m[36mCACHE Shelter Load (0.0ms)[0m  [1m[34mSELECT  "shelters".* FROM "shelters" WHERE "shelters"."id" = $1 LIMIT $2[0m  [["id", 58], ["LIMIT", 1]]
  [1m[36mCACHE Shelter Load (0.0ms)[0m  [1m[34mSELECT  "shelters".* FROM "shelters" WHERE "shelters"."id" = $1 LIMIT $2[0m  [["id", 58], ["LIMIT", 1]]
  [1m[36mCACHE Shelter Load (0.0ms)[0m  [1m[34mSELECT  "shelters".* FROM "shelters" WHERE "shelters"."id" = $1 LIMIT $2[0m  [["id", 58], ["LIMIT", 1]]
  [1m[36mCACHE Shelter Load (0.0ms)[0m  [1m[34mSELECT  "shelters".* FROM "shelters" WHERE "shelters"."id" = $1 LIMIT $2[0m  [["id", 58], ["LIMIT", 1]]
  [1m[36mCACHE Shelter Load (0.0ms)[0m  [1m[34mSELECT  "shelters".* FROM "shelters" WHERE "shelters"."id" = $1 LIMIT $2[0m  [["id", 58], ["LIMIT", 1]]
  [1m[36mCACHE Shelter Load (0.0ms)[0m  [1m[34mSELECT  "shelters".* FROM "shelters" WHERE "shelters"."id" = $1 LIMIT $2[0m  [["id", 58], ["LIMIT", 1]]
  [1m[36mCACHE Shelter Load (0.0ms)[0m  [1m[34mSELECT  "shelters".* FROM "shelters" WHERE "shelters"."id" = $1 LIMIT $2[0m  [["id", 58], ["LIMIT", 1]]
  [1m[36mCACHE Shelter Load (0.0ms)[0m  [1m[34mSELECT  "shelters".* FROM "shelters" WHERE "shelters"."id" = $1 LIMIT $2[0m  [["id", 58], ["LIMIT", 1]]
  [1m[36mCACHE Shelter Load (0.0ms)[0m  [1m[34mSELECT  "shelters".* FROM "shelters" WHERE "shelters"."id" = $1 LIMIT $2[0m  [["id", 58], ["LIMIT", 1]]
  [1m[36mCACHE Shelter Load (0.0ms)[0m  [1m[34mSELECT  "shelters".* FROM "shelters" WHERE "shelters"."id" = $1 LIMIT $2[0m  [["id", 58], ["LIMIT", 1]]
  [1m[36mCACHE Shelter Load (0.0ms)[0m  [1m[34mSELECT  "shelters".* FROM "shelters" WHERE "shelters"."id" = $1 LIMIT $2[0m  [["id", 58], ["LIMIT", 1]]
  [1m[36mCACHE Shelter Load (0.0ms)[0m  [1m[34mSELECT  "shelters".* FROM "shelters" WHERE "shelters"."id" = $1 LIMIT $2[0m  [["id", 58], ["LIMIT", 1]]
  [1m[36mCACHE Shelter Load (0.0ms)[0m  [1m[34mSELECT  "shelters".* FROM "shelters" WHERE "shelters"."id" = $1 LIMIT $2[0m  [["id", 58], ["LIMIT", 1]]
  [1m[36mShelter Load (0.2ms)[0m  [1m[34mSELECT  "shelters".* FROM "shelters" WHERE "shelters"."id" = $1 LIMIT $2[0m  [["id", 59], ["LIMIT", 1]]
  [1m[36mCACHE Shelter Load (0.0ms)[0m  [1m[34mSELECT  "shelters".* FROM "shelters" WHERE "shelters"."id" = $1 LIMIT $2[0m  [["id", 59], ["LIMIT", 1]]
  [1m[36mCACHE Shelter Load (0.0ms)[0m  [1m[34mSELECT  "shelters".* FROM "shelters" WHERE "shelters"."id" = $1 LIMIT $2[0m  [["id", 59], ["LIMIT", 1]]
  [1m[36mCACHE Shelter Load (0.0ms)[0m  [1m[34mSELECT  "shelters".* FROM "shelters" WHERE "shelters"."id" = $1 LIMIT $2[0m  [["id", 59], ["LIMIT", 1]]
  [1m[36mCACHE Shelter Load (0.0ms)[0m  [1m[34mSELECT  "shelters".* FROM "shelters" WHERE "shelters"."id" = $1 LIMIT $2[0m  [["id", 59], ["LIMIT", 1]]
  [1m[36mCACHE Shelter Load (0.0ms)[0m  [1m[34mSELECT  "shelters".* FROM "shelters" WHERE "shelters"."id" = $1 LIMIT $2[0m  [["id", 59], ["LIMIT", 1]]
  [1m[36mCACHE Shelter Load (0.0ms)[0m  [1m[34mSELECT  "shelters".* FROM "shelters" WHERE "shelters"."id" = $1 LIMIT $2[0m  [["id", 59], ["LIMIT", 1]]
  [1m[36mCACHE Shelter Load (0.0ms)[0m  [1m[34mSELECT  "shelters".* FROM "shelters" WHERE "shelters"."id" = $1 LIMIT $2[0m  [["id", 59], ["LIMIT", 1]]
  [1m[36mCACHE Shelter Load (0.0ms)[0m  [1m[34mSELECT  "shelters".* FROM "shelters" WHERE "shelters"."id" = $1 LIMIT $2[0m  [["id", 59], ["LIMIT", 1]]
  [1m[36mCACHE Shelter Load (0.0ms)[0m  [1m[34mSELECT  "shelters".* FROM "shelters" WHERE "shelters"."id" = $1 LIMIT $2[0m  [["id", 59], ["LIMIT", 1]]
  [1m[36mCACHE Shelter Load (0.0ms)[0m  [1m[34mSELECT  "shelters".* FROM "shelters" WHERE "shelters"."id" = $1 LIMIT $2[0m  [["id", 59], ["LIMIT", 1]]
  [1m[36mCACHE Shelter Load (0.0ms)[0m  [1m[34mSELECT  "shelters".* FROM "shelters" WHERE "shelters"."id" = $1 LIMIT $2[0m  [["id", 59], ["LIMIT", 1]]
  [1m[36mCACHE Shelter Load (0.0ms)[0m  [1m[34mSELECT  "shelters".* FROM "shelters" WHERE "shelters"."id" = $1 LIMIT $2[0m  [["id", 59], ["LIMIT", 1]]
  [1m[36mCACHE Shelter Load (0.0ms)[0m  [1m[34mSELECT  "shelters".* FROM "shelters" WHERE "shelters"."id" = $1 LIMIT $2[0m  [["id", 59], ["LIMIT", 1]]
  [1m[36mCACHE Shelter Load (0.0ms)[0m  [1m[34mSELECT  "shelters".* FROM "shelters" WHERE "shelters"."id" = $1 LIMIT $2[0m  [["id", 59], ["LIMIT", 1]]
  [1m[36mShelter Load (0.2ms)[0m  [1m[34mSELECT  "shelters".* FROM "shelters" WHERE "shelters"."id" = $1 LIMIT $2[0m  [["id", 60], ["LIMIT", 1]]
  [1m[36mCACHE Shelter Load (0.0ms)[0m  [1m[34mSELECT  "shelters".* FROM "shelters" WHERE "shelters"."id" = $1 LIMIT $2[0m  [["id", 60], ["LIMIT", 1]]
  [1m[36mCACHE Shelter Load (0.0ms)[0m  [1m[34mSELECT  "shelters".* FROM "shelters" WHERE "shelters"."id" = $1 LIMIT $2[0m  [["id", 60], ["LIMIT", 1]]
  [1m[36mCACHE Shelter Load (0.0ms)[0m  [1m[34mSELECT  "shelters".* FROM "shelters" WHERE "shelters"."id" = $1 LIMIT $2[0m  [["id", 60], ["LIMIT", 1]]
  [1m[36mCACHE Shelter Load (0.0ms)[0m  [1m[34mSELECT  "shelters".* FROM "shelters" WHERE "shelters"."id" = $1 LIMIT $2[0m  [["id", 60], ["LIMIT", 1]]
  [1m[36mCACHE Shelter Load (0.0ms)[0m  [1m[34mSELECT  "shelters".* FROM "shelters" WHERE "shelters"."id" = $1 LIMIT $2[0m  [["id", 60], ["LIMIT", 1]]
  [1m[36mCACHE Shelter Load (0.0ms)[0m  [1m[34mSELECT  "shelters".* FROM "shelters" WHERE "shelters"."id" = $1 LIMIT $2[0m  [["id", 60], ["LIMIT", 1]]
  [1m[36mCACHE Shelter Load (0.0ms)[0m  [1m[34mSELECT  "shelters".* FROM "shelters" WHERE "shelters"."id" = $1 LIMIT $2[0m  [["id", 60], ["LIMIT", 1]]
  [1m[36mCACHE Shelter Load (0.0ms)[0m  [1m[34mSELECT  "shelters".* FROM "shelters" WHERE "shelters"."id" = $1 LIMIT $2[0m  [["id", 60], ["LIMIT", 1]]
  [1m[36mCACHE Shelter Load (0.0ms)[0m  [1m[34mSELECT  "shelters".* FROM "shelters" WHERE "shelters"."id" = $1 LIMIT $2[0m  [["id", 60], ["LIMIT", 1]]
  [1m[36mCACHE Shelter Load (0.0ms)[0m  [1m[34mSELECT  "shelters".* FROM "shelters" WHERE "shelters"."id" = $1 LIMIT $2[0m  [["id", 60], ["LIMIT", 1]]
  [1m[36mCACHE Shelter Load (0.0ms)[0m  [1m[34mSELECT  "shelters".* FROM "shelters" WHERE "shelters"."id" = $1 LIMIT $2[0m  [["id", 60], ["LIMIT", 1]]
  [1m[36mCACHE Shelter Load (0.0ms)[0m  [1m[34mSELECT  "shelters".* FROM "shelters" WHERE "shelters"."id" = $1 LIMIT $2[0m  [["id", 60], ["LIMIT", 1]]
  [1m[36mCACHE Shelter Load (0.0ms)[0m  [1m[34mSELECT  "shelters".* FROM "shelters" WHERE "shelters"."id" = $1 LIMIT $2[0m  [["id", 60], ["LIMIT", 1]]
  [1m[36mCACHE Shelter Load (0.0ms)[0m  [1m[34mSELECT  "shelters".* FROM "shelters" WHERE "shelters"."id" = $1 LIMIT $2[0m  [["id", 60], ["LIMIT", 1]]
  Rendered pets/index.html.erb within layouts/application (65.1ms)
Completed 200 OK in 88ms (Views: 85.5ms | ActiveRecord: 1.9ms)


Started GET "/favorites" for ::1 at 2019-12-05 19:40:31 -0700
Processing by FavoritesController#index as HTML
  [1m[36mPet Load (0.3ms)[0m  [1m[34mSELECT "pets".* FROM "pets" WHERE "pets"."id" IN (575, 613, 616)[0m
  Rendering favorites/index.html.erb within layouts/application
  Rendered favorites/index.html.erb within layouts/application (1.5ms)
Completed 200 OK in 27ms (Views: 24.8ms | ActiveRecord: 0.3ms)


Started DELETE "/favorites/575" for ::1 at 2019-12-05 19:40:33 -0700
Processing by FavoritesController#destroy as HTML
  Parameters: {"utf8"=>"✓", "authenticity_token"=>"wAquQV4yfXIgB03TOeIa0ib8FjWlaZbE8OG3Q9Hpwk3bazJINoK/Q44V3tQmULr3jPogbIA3Nuju759fYbU9cw==", "commit"=>"Remove Favorite", "pet_id"=>"575"}
Redirected to http://localhost:3000/favorites
Completed 302 Found in 1ms (ActiveRecord: 0.0ms)


Started GET "/favorites" for ::1 at 2019-12-05 19:40:33 -0700
Processing by FavoritesController#index as HTML
  [1m[36mPet Load (0.2ms)[0m  [1m[34mSELECT "pets".* FROM "pets" WHERE "pets"."id" IN (613, 616)[0m
  Rendering favorites/index.html.erb within layouts/application
  Rendered favorites/index.html.erb within layouts/application (1.2ms)
Completed 200 OK in 30ms (Views: 28.2ms | ActiveRecord: 0.2ms)


Started GET "/application/new" for ::1 at 2019-12-05 19:40:34 -0700
Processing by PetapplicationsController#new as HTML
  [1m[36mPet Load (0.4ms)[0m  [1m[34mSELECT "pets".* FROM "pets" WHERE "pets"."id" IN (613, 616)[0m
  Rendering petapplications/new.html.erb within layouts/application
  Rendered petapplications/new.html.erb within layouts/application (1.4ms)
Completed 200 OK in 30ms (Views: 27.0ms | ActiveRecord: 0.4ms)


Started GET "/favorites" for ::1 at 2019-12-05 19:40:36 -0700
Processing by FavoritesController#index as HTML
  [1m[36mPet Load (0.4ms)[0m  [1m[34mSELECT "pets".* FROM "pets" WHERE "pets"."id" IN (613, 616)[0m
  Rendering favorites/index.html.erb within layouts/application
  Rendered favorites/index.html.erb within layouts/application (1.3ms)
Completed 200 OK in 27ms (Views: 24.5ms | ActiveRecord: 0.4ms)


